<?xml version="1.0" encoding="UTF-8" ?>
<testsuites name="vitest tests" tests="6" failures="0" errors="0" time="0.005459542">
    <testsuite name="src/app/common/util/logical-operator-port-serde.spec.ts" timestamp="2026-07-11T20:04:44.925Z" hostname="MacBook-Pro-M1.local" tests="6" failures="0" errors="0" skipped="0" time="0.005459542">
        <testcase classname="src/app/common/util/logical-operator-port-serde.spec.ts" name="parseLogicalOperatorPortID &gt; should parse a valid input port ID" time="0.002679459">
        </testcase>
        <testcase classname="src/app/common/util/logical-operator-port-serde.spec.ts" name="parseLogicalOperatorPortID &gt; should parse a valid output port ID with a multi-digit port number" time="0.000613833">
        </testcase>
        <testcase classname="src/app/common/util/logical-operator-port-serde.spec.ts" name="parseLogicalOperatorPortID &gt; should return undefined for an unknown port type" time="0.000282875">
        </testcase>
        <testcase classname="src/app/common/util/logical-operator-port-serde.spec.ts" name="parseLogicalOperatorPortID &gt; should return undefined when the port number is missing" time="0.000226459">
        </testcase>
        <testcase classname="src/app/common/util/logical-operator-port-serde.spec.ts" name="parseLogicalOperatorPortID &gt; should return undefined for a malformed port ID with extra segments" time="0.00025375">
        </testcase>
        <testcase classname="src/app/common/util/logical-operator-port-serde.spec.ts" name="parseLogicalOperatorPortID &gt; should return undefined for an empty string" time="0.000215208">
        </testcase>
    </testsuite>
</testsuites>
