TN:
SF:src/app/common/app-setting.ts
FN:23,(anonymous_0)
FNF:1
FNH:1
FNDA:9,(anonymous_0)
DA:22,9
DA:24,7
LF:2
LH:2
BRF:0
BRH:0
end_of_record
TN:
SF:src/app/common/service/gui-config.service.mock.ts
FN:29,(anonymous_0)
FN:57,(anonymous_1)
FN:61,(anonymous_2)
FN:65,(anonymous_3)
FNF:4
FNH:3
FNDA:50,(anonymous_0)
FNDA:198,(anonymous_1)
FNDA:0,(anonymous_2)
FNDA:10,(anonymous_3)
DA:30,8
DA:31,50
DA:58,198
DA:62,0
DA:66,10
LF:5
LH:4
BRDA:30,0,0,50
BRDA:30,0,1,50
BRDA:30,1,0,8
BRDA:30,1,1,8
BRDA:30,1,2,8
BRF:5
BRH:5
end_of_record
TN:
SF:src/app/common/service/gui-config.service.ts
FN:30,(anonymous_0)
FN:32,(anonymous_1)
FN:40,(anonymous_2)
FN:47,(anonymous_3)
FN:51,(anonymous_4)
FN:53,(anonymous_5)
FN:58,(anonymous_6)
FNF:7
FNH:0
FNDA:0,(anonymous_0)
FNDA:0,(anonymous_1)
FNDA:0,(anonymous_2)
FNDA:0,(anonymous_3)
FNDA:0,(anonymous_4)
FNDA:0,(anonymous_5)
FNDA:0,(anonymous_6)
DA:27,8
DA:30,0
DA:34,0
DA:35,0
DA:39,0
DA:42,0
DA:48,0
DA:49,0
DA:52,0
DA:53,0
DA:59,0
DA:60,0
DA:62,0
LF:13
LH:1
BRDA:59,0,0,0
BRDA:59,0,1,0
BRDA:27,1,0,0
BRDA:27,1,1,0
BRDA:27,2,0,8
BRDA:27,2,1,8
BRDA:27,2,2,8
BRF:7
BRH:3
end_of_record
TN:
SF:src/app/common/service/notification/notification.service.ts
FN:31,(anonymous_0)
FN:37,(anonymous_1)
FN:42,(anonymous_2)
FN:46,(anonymous_3)
FN:50,(anonymous_4)
FN:54,(anonymous_5)
FN:58,(anonymous_6)
FN:62,(anonymous_7)
FNF:8
FNH:1
FNDA:6,(anonymous_0)
FNDA:0,(anonymous_1)
FNDA:0,(anonymous_2)
FNDA:0,(anonymous_3)
FNDA:0,(anonymous_4)
FNDA:0,(anonymous_5)
FNDA:0,(anonymous_6)
FNDA:0,(anonymous_7)
DA:30,6
DA:32,6
DA:33,6
DA:38,0
DA:43,0
DA:47,0
DA:51,0
DA:55,0
DA:59,0
DA:63,0
LF:10
LH:3
BRDA:37,0,0,0
BRDA:46,1,0,0
BRDA:50,2,0,0
BRDA:54,3,0,0
BRDA:58,4,0,0
BRDA:62,5,0,0
BRDA:30,6,0,6
BRDA:30,6,1,6
BRDA:30,7,0,3
BRDA:30,7,1,3
BRDA:30,7,2,3
BRF:11
BRH:5
end_of_record
TN:
SF:src/app/common/service/workflow-persist/workflow-persist.service.ts
FN:60,(anonymous_0)
FN:69,(anonymous_1)
FN:85,(anonymous_2)
FN:95,(anonymous_3)
FN:104,(anonymous_4)
FN:112,(anonymous_5)
FN:118,(anonymous_6)
FN:125,(anonymous_7)
FN:127,(anonymous_8)
FN:132,(anonymous_9)
FN:134,(anonymous_10)
FN:135,(anonymous_11)
FN:148,(anonymous_12)
FN:155,(anonymous_13)
FN:164,(anonymous_14)
FN:173,(anonymous_15)
FN:180,(anonymous_16)
FN:191,(anonymous_17)
FN:198,(anonymous_18)
FN:206,(anonymous_19)
FN:210,(anonymous_20)
FN:218,(anonymous_21)
FN:222,(anonymous_22)
FN:229,(anonymous_23)
FN:236,(anonymous_24)
FN:244,(anonymous_25)
FN:254,(anonymous_26)
FN:264,(anonymous_27)
FN:266,(anonymous_28)
FN:276,(anonymous_29)
FN:288,(anonymous_30)
FN:290,(anonymous_31)
FNF:32
FNH:2
FNDA:5,(anonymous_0)
FNDA:0,(anonymous_1)
FNDA:0,(anonymous_2)
FNDA:2,(anonymous_3)
FNDA:0,(anonymous_4)
FNDA:0,(anonymous_5)
FNDA:0,(anonymous_6)
FNDA:0,(anonymous_7)
FNDA:0,(anonymous_8)
FNDA:0,(anonymous_9)
FNDA:0,(anonymous_10)
FNDA:0,(anonymous_11)
FNDA:0,(anonymous_12)
FNDA:0,(anonymous_13)
FNDA:0,(anonymous_14)
FNDA:0,(anonymous_15)
FNDA:0,(anonymous_16)
FNDA:0,(anonymous_17)
FNDA:0,(anonymous_18)
FNDA:0,(anonymous_19)
FNDA:0,(anonymous_20)
FNDA:0,(anonymous_21)
FNDA:0,(anonymous_22)
FNDA:0,(anonymous_23)
FNDA:0,(anonymous_24)
FNDA:0,(anonymous_25)
FNDA:0,(anonymous_26)
FNDA:0,(anonymous_27)
FNDA:0,(anonymous_28)
FNDA:0,(anonymous_29)
FNDA:0,(anonymous_30)
FNDA:0,(anonymous_31)
DA:33,2
DA:34,2
DA:35,2
DA:36,2
DA:37,2
DA:38,2
DA:39,2
DA:40,2
DA:41,2
DA:42,2
DA:43,2
DA:44,2
DA:45,2
DA:46,2
DA:47,2
DA:48,2
DA:49,2
DA:51,2
DA:56,5
DA:58,5
DA:61,5
DA:62,5
DA:70,0
DA:71,0
DA:76,0
DA:85,0
DA:99,2
DA:104,0
DA:113,0
DA:118,0
DA:126,0
DA:127,0
DA:133,0
DA:135,0
DA:136,0
DA:149,0
DA:156,0
DA:165,0
DA:174,0
DA:182,0
DA:183,0
DA:192,0
DA:200,0
DA:201,0
DA:207,0
DA:211,0
DA:212,0
DA:214,0
DA:219,0
DA:223,0
DA:230,0
DA:237,0
DA:245,0
DA:246,0
DA:255,0
DA:256,0
DA:265,0
DA:266,0
DA:277,0
DA:278,0
DA:289,0
DA:290,0
DA:291,0
DA:293,0
LF:64
LH:23
BRDA:70,0,0,0
BRDA:70,0,1,0
BRDA:97,1,0,2
BRDA:116,2,0,0
BRDA:116,2,1,0
BRDA:118,3,0,0
BRDA:118,3,1,0
BRDA:211,4,0,0
BRDA:211,4,1,0
BRDA:56,5,0,5
BRDA:56,5,1,5
BRDA:56,6,0,2
BRDA:56,6,1,2
BRDA:56,6,2,2
BRF:14
BRH:6
end_of_record
TN:
SF:src/app/common/testing/test-utils.ts
FNF:0
FNH:0
DA:28,8
LF:1
LH:1
BRF:0
BRH:0
end_of_record
TN:
SF:src/app/common/type/workflow.ts
FN:23,(anonymous_0)
FNF:1
FNH:1
FNDA:8,(anonymous_0)
DA:23,8
DA:24,8
DA:25,8
LF:3
LH:3
BRDA:23,0,0,8
BRDA:23,0,1,8
BRF:2
BRH:2
end_of_record
TN:
SF:src/app/common/util/context.ts
FN:22,ContextManager
FN:26,(anonymous_1)
FN:30,(anonymous_2)
FN:37,(anonymous_3)
FN:46,(anonymous_4)
FN:50,(anonymous_5)
FN:58,ObservableContextManager
FN:64,(anonymous_7)
FN:68,(anonymous_8)
FN:72,(anonymous_9)
FN:76,(anonymous_10)
FN:80,(anonymous_11)
FN:87,(anonymous_12)
FNF:13
FNH:13
FNDA:82,ContextManager
FNDA:82,(anonymous_1)
FNDA:82,(anonymous_2)
FNDA:82,(anonymous_3)
FNDA:82,(anonymous_4)
FNDA:82,(anonymous_5)
FNDA:82,ObservableContextManager
FNDA:82,(anonymous_7)
FNDA:82,(anonymous_8)
FNDA:82,(anonymous_9)
FNDA:82,(anonymous_10)
FNDA:82,(anonymous_11)
FNDA:82,(anonymous_12)
DA:24,82
DA:27,17
DA:31,0
DA:32,0
DA:34,0
DA:38,0
DA:39,0
DA:40,0
DA:42,0
DA:47,0
DA:51,0
DA:55,82
DA:60,82
DA:61,82
DA:62,82
DA:65,82
DA:69,82
DA:73,0
DA:77,82
DA:81,0
DA:82,0
DA:83,0
DA:84,0
DA:88,0
DA:89,0
DA:90,0
DA:91,0
DA:94,82
LF:28
LH:10
BRDA:31,0,0,0
BRDA:31,0,1,0
BRF:2
BRH:0
end_of_record
TN:
SF:src/app/common/util/predicate.ts
FN:25,isDefined
FNF:1
FNH:1
FNDA:126,isDefined
DA:26,126
LF:1
LH:1
BRDA:26,0,0,126
BRDA:26,0,1,123
BRF:2
BRH:2
end_of_record
TN:
SF:src/app/common/util/size-formatter.util.ts
FN:23,(anonymous_0)
FNF:1
FNH:1
FNDA:8,(anonymous_0)
DA:20,1
DA:21,1
DA:23,1
DA:24,8
DA:26,5
DA:27,5
DA:29,5
LF:7
LH:7
BRDA:24,0,0,3
BRDA:24,0,1,5
BRDA:24,1,0,8
BRDA:24,1,1,7
BRF:4
BRH:4
end_of_record
TN:
SF:src/app/common/util/storage.ts
FN:56,jsonCast
FNF:1
FNH:1
FNDA:2,jsonCast
DA:57,2
LF:1
LH:1
BRF:0
BRH:0
end_of_record
TN:
SF:src/app/common/util/url.ts
FN:27,getWebsocketUrl
FNF:1
FNH:1
FNDA:82,getWebsocketUrl
DA:28,82
DA:29,82
DA:31,82
DA:32,0
DA:34,82
DA:38,82
DA:39,82
LF:7
LH:6
BRDA:31,0,0,0
BRDA:31,0,1,82
BRF:2
BRH:1
end_of_record
TN:
SF:src/app/common/util/workflow-check.ts
FN:29,checkIfWorkflowBroken
FN:30,(anonymous_1)
FN:32,(anonymous_2)
FNF:3
FNH:0
FNDA:0,checkIfWorkflowBroken
FNDA:0,(anonymous_1)
FNDA:0,(anonymous_2)
DA:30,0
DA:31,0
DA:32,0
LF:3
LH:0
BRDA:32,0,0,0
BRDA:32,0,1,0
BRF:2
BRH:0
end_of_record
TN:
SF:src/app/dashboard/service/user/workflow-version/workflow-version.service.ts
FN:62,(anonymous_0)
FN:69,(anonymous_1)
FN:74,(anonymous_2)
FN:90,(anonymous_3)
FN:94,(anonymous_4)
FN:98,(anonymous_5)
FN:112,(anonymous_6)
FN:125,(anonymous_7)
FN:126,(anonymous_8)
FN:127,(anonymous_9)
FN:144,(anonymous_10)
FN:152,(anonymous_11)
FN:161,(anonymous_12)
FN:177,(anonymous_13)
FN:219,(anonymous_14)
FN:232,(anonymous_15)
FN:247,(anonymous_16)
FN:263,(anonymous_17)
FN:270,(anonymous_18)
FN:280,(anonymous_19)
FN:289,(anonymous_20)
FN:293,(anonymous_21)
FN:298,(anonymous_22)
FN:304,(anonymous_23)
FN:313,(anonymous_24)
FNF:25
FNH:2
FNDA:2,(anonymous_0)
FNDA:0,(anonymous_1)
FNDA:0,(anonymous_2)
FNDA:0,(anonymous_3)
FNDA:2,(anonymous_4)
FNDA:0,(anonymous_5)
FNDA:0,(anonymous_6)
FNDA:0,(anonymous_7)
FNDA:0,(anonymous_8)
FNDA:0,(anonymous_9)
FNDA:0,(anonymous_10)
FNDA:0,(anonymous_11)
FNDA:0,(anonymous_12)
FNDA:0,(anonymous_13)
FNDA:0,(anonymous_14)
FNDA:0,(anonymous_15)
FNDA:0,(anonymous_16)
FNDA:0,(anonymous_17)
FNDA:0,(anonymous_18)
FNDA:0,(anonymous_19)
FNDA:0,(anonymous_20)
FNDA:0,(anonymous_21)
FNDA:0,(anonymous_22)
FNDA:0,(anonymous_23)
FNDA:0,(anonymous_24)
DA:35,1
DA:44,1
DA:46,1
DA:54,2
DA:56,2
DA:57,2
DA:58,2
DA:59,2
DA:60,2
DA:63,2
DA:64,2
DA:65,2
DA:66,2
DA:71,0
DA:72,0
DA:75,0
DA:76,0
DA:77,0
DA:79,0
DA:80,0
DA:83,0
DA:84,0
DA:87,0
DA:91,0
DA:95,2
DA:99,0
DA:101,0
DA:103,0
DA:105,0
DA:107,0
DA:109,0
DA:114,0
DA:118,0
DA:119,0
DA:122,0
DA:126,0
DA:127,0
DA:129,0
DA:130,0
DA:131,0
DA:132,0
DA:133,0
DA:134,0
DA:136,0
DA:137,0
DA:145,0
DA:153,0
DA:163,0
DA:164,0
DA:166,0
DA:167,0
DA:168,0
DA:169,0
DA:173,0
DA:174,0
DA:177,0
DA:178,0
DA:179,0
DA:180,0
DA:181,0
DA:183,0
DA:186,0
DA:187,0
DA:189,0
DA:190,0
DA:192,0
DA:195,0
DA:197,0
DA:198,0
DA:199,0
DA:208,0
DA:209,0
DA:211,0
DA:216,0
DA:220,0
DA:221,0
DA:222,0
DA:223,0
DA:226,0
DA:227,0
DA:229,0
DA:234,0
DA:236,0
DA:237,0
DA:239,0
DA:241,0
DA:242,0
DA:243,0
DA:244,0
DA:249,0
DA:252,0
DA:254,0
DA:256,0
DA:258,0
DA:259,0
DA:260,0
DA:265,0
DA:266,0
DA:267,0
DA:271,0
DA:272,0
DA:274,0
DA:281,0
DA:290,0
DA:293,0
DA:299,0
DA:300,0
DA:305,0
DA:306,0
DA:307,0
DA:309,0
DA:314,0
DA:315,0
DA:317,0
LF:114
LH:14
BRDA:75,0,0,0
BRDA:75,0,1,0
BRDA:76,1,0,0
BRDA:76,1,1,0
BRDA:79,2,0,0
BRDA:79,2,1,0
BRDA:95,3,0,2
BRDA:95,3,1,1
BRDA:129,4,0,0
BRDA:129,4,1,0
BRDA:131,5,0,0
BRDA:131,5,1,0
BRDA:133,6,0,0
BRDA:133,6,1,0
BRDA:133,7,0,0
BRDA:133,7,1,0
BRDA:136,8,0,0
BRDA:136,8,1,0
BRDA:136,9,0,0
BRDA:136,9,1,0
BRDA:168,10,0,0
BRDA:168,10,1,0
BRDA:174,11,0,0
BRDA:174,11,1,0
BRDA:190,12,0,0
BRDA:190,12,1,0
BRDA:195,13,0,0
BRDA:195,13,1,0
BRDA:198,14,0,0
BRDA:198,14,1,0
BRDA:209,15,0,0
BRDA:209,15,1,0
BRDA:222,16,0,0
BRDA:222,16,1,0
BRDA:226,17,0,0
BRDA:226,17,1,0
BRDA:299,18,0,0
BRDA:299,18,1,0
BRDA:305,19,0,0
BRDA:305,19,1,0
BRDA:306,20,0,0
BRDA:306,20,1,0
BRDA:54,21,0,2
BRDA:54,21,1,2
BRDA:54,22,0,1
BRDA:54,22,1,1
BRDA:54,22,2,1
BRF:47
BRH:7
end_of_record
TN:
SF:src/app/dashboard/type/search-filter-parameters.ts
FN:34,(anonymous_0)
FN:42,getQueryParameters
FN:69,(anonymous_2)
FN:77,(anonymous_3)
FN:78,(anonymous_4)
FNF:5
FNH:0
FNDA:0,(anonymous_0)
FNDA:0,getQueryParameters
FNDA:0,(anonymous_2)
FNDA:0,(anonymous_3)
FNDA:0,(anonymous_4)
DA:34,2
DA:43,0
DA:44,0
DA:45,0
DA:48,0
DA:49,0
DA:50,0
DA:51,0
DA:52,0
DA:53,0
DA:54,0
DA:55,0
DA:56,0
DA:57,0
DA:59,0
DA:60,0
DA:62,0
DA:63,0
DA:65,0
DA:66,0
DA:69,0
DA:70,0
DA:77,0
DA:78,0
DA:80,0
LF:25
LH:1
BRDA:43,0,0,0
BRDA:43,0,1,0
BRDA:52,1,0,0
BRDA:52,1,1,0
BRDA:53,2,0,0
BRDA:53,2,1,0
BRDA:54,3,0,0
BRDA:54,3,1,0
BRDA:55,4,0,0
BRDA:55,4,1,0
BRDA:72,5,0,0
BRDA:72,5,1,0
BRDA:73,6,0,0
BRDA:73,6,1,0
BRDA:74,7,0,0
BRDA:74,7,1,0
BRDA:75,8,0,0
BRDA:75,8,1,0
BRF:18
BRH:0
end_of_record
TN:
SF:src/app/dashboard/type/sort-method.ts
FN:20,(anonymous_0)
FNF:1
FNH:1
FNDA:2,(anonymous_0)
DA:20,2
DA:21,2
DA:22,2
DA:23,2
DA:24,2
LF:5
LH:5
BRDA:20,0,0,2
BRDA:20,0,1,2
BRF:2
BRH:2
end_of_record
TN:
SF:src/app/workspace/service/dynamic-schema/dynamic-schema.service.ts
FN:59,(anonymous_0)
FN:67,(anonymous_1)
FN:75,(anonymous_2)
FN:85,(anonymous_3)
FN:92,(anonymous_4)
FN:101,(anonymous_5)
FN:105,(anonymous_6)
FN:112,(anonymous_7)
FN:127,(anonymous_8)
FN:146,(anonymous_9)
FN:148,(anonymous_10)
FN:161,(anonymous_11)
FN:167,(anonymous_12)
FN:173,(anonymous_13)
FN:174,(anonymous_14)
FN:185,(anonymous_15)
FN:186,(anonymous_16)
FNF:17
FNH:11
FNDA:11,(anonymous_0)
FNDA:16,(anonymous_1)
FNDA:1,(anonymous_2)
FNDA:2,(anonymous_3)
FNDA:8,(anonymous_4)
FNDA:2,(anonymous_5)
FNDA:0,(anonymous_6)
FNDA:36,(anonymous_7)
FNDA:18,(anonymous_8)
FNDA:16,(anonymous_9)
FNDA:2,(anonymous_10)
FNDA:2,(anonymous_11)
FNDA:0,(anonymous_12)
FNDA:0,(anonymous_13)
FNDA:0,(anonymous_14)
FNDA:0,(anonymous_15)
FNDA:0,(anonymous_16)
DA:47,11
DA:50,11
DA:52,11
DA:55,11
DA:60,11
DA:61,11
DA:64,11
DA:68,16
DA:72,11
DA:75,1
DA:86,2
DA:95,8
DA:102,2
DA:106,0
DA:113,36
DA:114,36
DA:115,0
DA:117,36
DA:128,18
DA:131,18
DA:132,1
DA:136,17
DA:137,17
DA:147,16
DA:148,16
DA:150,16
DA:167,0
DA:168,0
DA:169,0
DA:170,0
DA:173,0
DA:174,0
DA:175,0
DA:176,0
DA:178,0
DA:179,0
DA:181,0
DA:185,0
DA:186,0
DA:187,0
DA:188,0
DA:193,0
DA:194,0
DA:196,0
DA:197,0
DA:199,0
DA:200,0
DA:201,0
DA:203,0
DA:209,0
DA:210,0
DA:212,0
LF:52
LH:24
BRDA:114,0,0,0
BRDA:114,0,1,36
BRDA:131,1,0,1
BRDA:131,1,1,17
BRDA:175,2,0,0
BRDA:175,2,1,0
BRDA:178,3,0,0
BRDA:178,3,1,0
BRDA:187,4,0,0
BRDA:187,4,1,0
BRDA:193,5,0,0
BRDA:193,5,1,0
BRDA:196,6,0,0
BRDA:196,6,1,0
BRDA:199,7,0,0
BRDA:199,7,1,0
BRDA:199,8,0,0
BRDA:199,8,1,0
BRDA:200,9,0,0
BRDA:200,9,1,0
BRDA:47,10,0,11
BRDA:47,10,1,11
BRDA:47,11,0,2
BRDA:47,11,1,2
BRDA:47,11,2,2
BRF:25
BRH:8
end_of_record
TN:
SF:src/app/workspace/service/joint-ui/joint-ui.service.ts
FN:148,(anonymous_0)
FN:181,(anonymous_1)
FN:216,(anonymous_2)
FN:219,(anonymous_3)
FN:239,(anonymous_4)
FN:241,(anonymous_5)
FN:277,(anonymous_6)
FN:295,(anonymous_7)
FN:317,(anonymous_8)
FN:333,(anonymous_9)
FN:334,(anonymous_10)
FN:342,(anonymous_11)
FN:362,(anonymous_12)
FN:384,(anonymous_13)
FN:397,(anonymous_14)
FN:415,(anonymous_15)
FN:443,(anonymous_16)
FN:444,(anonymous_17)
FN:450,(anonymous_18)
FN:451,(anonymous_19)
FN:467,(anonymous_20)
FN:475,(anonymous_21)
FN:479,(anonymous_22)
FN:488,(anonymous_23)
FN:501,(anonymous_24)
FN:509,(anonymous_25)
FN:532,(anonymous_26)
FN:565,(anonymous_27)
FN:626,(anonymous_28)
FN:649,(anonymous_29)
FN:690,(anonymous_30)
FN:936,(anonymous_31)
FN:941,(anonymous_32)
FN:951,(anonymous_33)
FN:962,(anonymous_34)
FN:970,(anonymous_35)
FN:1000,(anonymous_36)
FN:1017,(anonymous_37)
FN:1025,(anonymous_38)
FN:1051,(anonymous_39)
FNF:40
FNH:21
FNDA:7,(anonymous_0)
FNDA:1,(anonymous_1)
FNDA:58,(anonymous_2)
FNDA:56,(anonymous_3)
FNDA:79,(anonymous_4)
FNDA:265,(anonymous_5)
FNDA:33,(anonymous_6)
FNDA:52,(anonymous_7)
FNDA:0,(anonymous_8)
FNDA:0,(anonymous_9)
FNDA:0,(anonymous_10)
FNDA:0,(anonymous_11)
FNDA:0,(anonymous_12)
FNDA:0,(anonymous_13)
FNDA:0,(anonymous_14)
FNDA:0,(anonymous_15)
FNDA:0,(anonymous_16)
FNDA:0,(anonymous_17)
FNDA:0,(anonymous_18)
FNDA:0,(anonymous_19)
FNDA:0,(anonymous_20)
FNDA:0,(anonymous_21)
FNDA:0,(anonymous_22)
FNDA:0,(anonymous_23)
FNDA:0,(anonymous_24)
FNDA:1,(anonymous_25)
FNDA:7,(anonymous_26)
FNDA:7,(anonymous_27)
FNDA:7,(anonymous_28)
FNDA:7,(anonymous_29)
FNDA:7,(anonymous_30)
FNDA:7,(anonymous_31)
FNDA:7,(anonymous_32)
FNDA:7,(anonymous_33)
FNDA:7,(anonymous_34)
FNDA:7,(anonymous_35)
FNDA:7,(anonymous_36)
FNDA:7,(anonymous_37)
FNDA:0,(anonymous_38)
FNDA:0,(anonymous_39)
DA:34,7
DA:41,7
DA:48,7
DA:57,7
DA:64,7
DA:74,7
DA:84,7
DA:94,7
DA:108,7
DA:119,7
DA:124,7
DA:126,7
DA:127,7
DA:128,7
DA:129,7
DA:130,7
DA:131,7
DA:132,7
DA:134,7
DA:135,7
DA:136,7
DA:137,7
DA:138,7
DA:140,7
DA:147,7
DA:149,79
DA:181,7
DA:182,1
DA:206,58
DA:207,7
DA:208,7
DA:209,7
DA:210,7
DA:211,7
DA:212,7
DA:214,58
DA:216,58
DA:219,58
DA:241,265
DA:242,79
DA:243,0
DA:248,79
DA:273,79
DA:274,79
DA:277,79
DA:278,33
DA:295,79
DA:296,52
DA:314,79
DA:324,0
DA:325,0
DA:326,0
DA:329,0
DA:331,0
DA:332,0
DA:333,0
DA:334,0
DA:336,0
DA:337,0
DA:339,0
DA:340,0
DA:342,0
DA:343,0
DA:344,0
DA:345,0
DA:346,0
DA:348,0
DA:349,0
DA:350,0
DA:351,0
DA:353,0
DA:354,0
DA:357,0
DA:358,0
DA:362,0
DA:363,0
DA:364,0
DA:365,0
DA:366,0
DA:368,0
DA:369,0
DA:370,0
DA:371,0
DA:373,0
DA:374,0
DA:377,0
DA:379,0
DA:382,0
DA:385,0
DA:398,0
DA:409,0
DA:410,0
DA:411,0
DA:417,0
DA:419,0
DA:420,0
DA:422,0
DA:423,0
DA:426,0
DA:427,0
DA:429,0
DA:430,0
DA:432,0
DA:433,0
DA:435,0
DA:441,0
DA:442,0
DA:443,0
DA:444,0
DA:445,0
DA:446,0
DA:450,0
DA:451,0
DA:452,0
DA:453,0
DA:468,0
DA:469,0
DA:471,0
DA:476,0
DA:484,0
DA:485,0
DA:493,0
DA:494,0
DA:496,0
DA:497,0
DA:498,0
DA:506,0
DA:510,1
DA:511,1
DA:512,0
DA:513,1
DA:514,1
DA:522,1
DA:523,1
DA:533,26
DA:534,26
DA:538,26
DA:542,26
DA:543,26
DA:544,26
DA:566,26
DA:627,158
DA:650,0
DA:696,79
DA:937,79
DA:938,79
DA:945,79
DA:946,79
DA:948,0
DA:952,79
DA:953,79
DA:955,0
DA:956,0
DA:958,0
DA:963,79
DA:964,0
DA:966,79
DA:971,1
DA:1001,0
DA:1004,0
DA:1005,0
DA:1006,0
DA:1007,0
DA:1008,0
DA:1014,0
DA:1018,0
DA:1031,0
DA:1032,0
DA:1033,0
DA:1036,0
DA:1038,0
DA:1052,0
DA:1053,0
DA:1054,0
DA:1057,0
LF:175
LH:72
BRDA:172,0,0,0
BRDA:172,0,1,79
BRDA:173,1,0,0
BRDA:173,1,1,79
BRDA:174,2,0,0
BRDA:174,2,1,79
BRDA:175,3,0,0
BRDA:175,3,1,79
BRDA:242,4,0,0
BRDA:242,4,1,79
BRDA:256,5,0,79
BRDA:256,5,1,79
BRDA:267,6,0,79
BRDA:267,6,1,79
BRDA:268,7,0,79
BRDA:268,7,1,79
BRDA:283,8,0,33
BRDA:283,8,1,33
BRDA:301,9,0,52
BRDA:301,9,1,52
BRDA:324,10,0,0
BRDA:324,10,1,0
BRDA:339,11,0,0
BRDA:339,11,1,0
BRDA:344,12,0,0
BRDA:344,12,1,0
BRDA:346,13,0,0
BRDA:346,13,1,0
BRDA:348,14,0,0
BRDA:348,14,1,0
BRDA:349,15,0,0
BRDA:349,15,1,0
BRDA:350,16,0,0
BRDA:350,16,1,0
BRDA:350,16,2,0
BRDA:351,17,0,0
BRDA:351,17,1,0
BRDA:353,18,0,0
BRDA:353,18,1,0
BRDA:364,19,0,0
BRDA:364,19,1,0
BRDA:366,20,0,0
BRDA:366,20,1,0
BRDA:368,21,0,0
BRDA:368,21,1,0
BRDA:369,22,0,0
BRDA:369,22,1,0
BRDA:370,23,0,0
BRDA:370,23,1,0
BRDA:370,23,2,0
BRDA:371,24,0,0
BRDA:371,24,1,0
BRDA:373,25,0,0
BRDA:373,25,1,0
BRDA:410,26,0,0
BRDA:410,26,1,0
BRDA:417,27,0,0
BRDA:417,27,1,0
BRDA:417,27,2,0
BRDA:417,27,3,0
BRDA:417,27,4,0
BRDA:417,27,5,0
BRDA:445,28,0,0
BRDA:445,28,1,0
BRDA:452,29,0,0
BRDA:452,29,1,0
BRDA:468,30,0,0
BRDA:468,30,1,0
BRDA:511,31,0,1
BRDA:511,31,1,0
BRDA:515,32,0,1
BRDA:515,32,1,0
BRDA:903,33,0,79
BRDA:903,33,1,0
BRDA:937,34,0,79
BRDA:937,34,1,0
BRDA:938,35,0,0
BRDA:938,35,1,79
BRDA:945,36,0,79
BRDA:945,36,1,0
BRDA:945,37,0,79
BRDA:945,37,1,0
BRDA:952,38,0,79
BRDA:952,38,1,0
BRDA:955,39,0,0
BRDA:955,39,1,0
BRDA:963,40,0,0
BRDA:963,40,1,79
BRDA:1029,41,0,0
BRDA:1032,42,0,0
BRDA:1032,42,1,0
BRDA:1053,43,0,0
BRDA:1053,43,1,0
BRDA:206,44,0,58
BRDA:206,44,1,58
BRDA:206,45,0,7
BRDA:206,45,1,7
BRDA:206,45,2,7
BRF:98
BRH:29
end_of_record
TN:
SF:src/app/workspace/service/operator-metadata/mock-operator-metadata.data.ts
FNF:0
FNH:0
DA:27,7
DA:50,7
DA:75,7
DA:94,7
DA:119,7
DA:147,7
DA:174,7
DA:214,7
DA:241,7
DA:257,7
DA:273,7
DA:289,7
DA:305,7
DA:320,7
DA:326,7
LF:15
LH:15
BRF:0
BRH:0
end_of_record
TN:
SF:src/app/workspace/service/operator-metadata/operator-metadata.service.ts
FN:59,(anonymous_0)
FN:60,(anonymous_1)
FN:71,(anonymous_2)
FN:75,(anonymous_3)
FN:79,(anonymous_4)
FN:95,(anonymous_5)
FN:103,(anonymous_6)
FNF:7
FNH:5
FNDA:5,(anonymous_0)
FNDA:1,(anonymous_1)
FNDA:11,(anonymous_2)
FNDA:0,(anonymous_3)
FNDA:0,(anonymous_4)
FNDA:2,(anonymous_5)
FNDA:24,(anonymous_6)
DA:27,9
DA:51,9
DA:55,5
DA:59,5
DA:60,5
DA:61,1
DA:72,11
DA:76,0
DA:77,0
DA:79,0
DA:80,0
DA:81,0
DA:83,0
DA:100,2
DA:101,0
DA:103,2
DA:104,24
DA:105,24
DA:106,24
DA:107,0
DA:108,0
DA:109,0
DA:111,24
DA:112,0
DA:114,24
DA:117,2
DA:118,1
DA:120,1
LF:28
LH:17
BRDA:76,0,0,0
BRDA:76,0,1,0
BRDA:80,1,0,0
BRDA:80,1,1,0
BRDA:97,2,0,2
BRDA:98,3,0,2
BRDA:100,4,0,0
BRDA:100,4,1,2
BRDA:106,5,0,0
BRDA:106,5,1,24
BRDA:111,6,0,0
BRDA:111,6,1,24
BRDA:112,7,0,0
BRDA:112,7,1,0
BRDA:117,8,0,1
BRDA:117,8,1,1
BRDA:51,9,0,5
BRDA:51,9,1,5
BRDA:51,10,0,9
BRDA:51,10,1,9
BRDA:51,10,2,9
BRF:21
BRH:12
end_of_record
TN:
SF:src/app/workspace/service/operator-metadata/stub-operator-metadata.service.ts
FN:27,(anonymous_0)
FN:31,(anonymous_1)
FN:32,(anonymous_2)
FN:39,(anonymous_3)
FN:43,(anonymous_4)
FN:44,(anonymous_5)
FNF:6
FNH:6
FNDA:62,(anonymous_0)
FNDA:16,(anonymous_1)
FNDA:50,(anonymous_2)
FNDA:116,(anonymous_3)
FNDA:69,(anonymous_4)
FNDA:828,(anonymous_5)
DA:28,7
DA:29,62
DA:32,50
DA:33,16
DA:34,0
DA:36,16
DA:40,116
DA:44,828
DA:45,69
DA:46,1
DA:48,68
LF:11
LH:10
BRDA:33,0,0,0
BRDA:33,0,1,16
BRDA:45,1,0,1
BRDA:45,1,1,68
BRDA:28,2,0,62
BRDA:28,2,1,62
BRDA:28,3,0,7
BRDA:28,3,1,7
BRDA:28,3,2,7
BRF:9
BRH:8
end_of_record
TN:
SF:src/app/workspace/service/undo-redo/undo-redo.service.ts
FN:28,(anonymous_0)
FN:40,(anonymous_1)
FN:44,(anonymous_2)
FN:48,(anonymous_3)
FN:52,(anonymous_4)
FN:64,(anonymous_5)
FN:76,(anonymous_6)
FN:80,(anonymous_7)
FN:84,(anonymous_8)
FN:88,(anonymous_9)
FN:93,(anonymous_10)
FN:98,(anonymous_11)
FN:102,(anonymous_12)
FNF:13
FNH:8
FNDA:50,(anonymous_0)
FNDA:50,(anonymous_1)
FNDA:0,(anonymous_2)
FNDA:0,(anonymous_3)
FNDA:2,(anonymous_4)
FNDA:1,(anonymous_5)
FNDA:12,(anonymous_6)
FNDA:5,(anonymous_7)
FNDA:5,(anonymous_8)
FNDA:1,(anonymous_9)
FNDA:0,(anonymous_10)
FNDA:0,(anonymous_11)
FNDA:0,(anonymous_12)
DA:31,50
DA:33,50
DA:38,50
DA:41,50
DA:45,0
DA:49,0
DA:53,2
DA:54,0
DA:55,0
DA:57,2
DA:58,2
DA:59,2
DA:60,2
DA:65,1
DA:66,0
DA:67,0
DA:69,1
DA:70,1
DA:71,1
DA:72,1
DA:77,12
DA:81,5
DA:85,5
DA:89,1
DA:90,0
DA:94,0
DA:95,0
DA:99,0
DA:103,0
LF:29
LH:18
BRDA:53,0,0,0
BRDA:53,0,1,2
BRDA:57,1,0,2
BRDA:57,1,1,0
BRDA:57,2,0,2
BRDA:57,2,1,2
BRDA:65,3,0,0
BRDA:65,3,1,1
BRDA:69,4,0,1
BRDA:69,4,1,0
BRDA:69,5,0,1
BRDA:69,5,1,1
BRDA:89,6,0,1
BRDA:89,6,1,0
BRDA:89,7,0,1
BRDA:89,7,1,1
BRDA:94,8,0,0
BRDA:94,8,1,0
BRDA:94,9,0,0
BRDA:94,9,1,0
BRDA:31,10,0,50
BRDA:31,10,1,50
BRDA:31,11,0,7
BRDA:31,11,1,7
BRDA:31,11,2,7
BRF:25
BRH:16
end_of_record
TN:
SF:src/app/workspace/service/validation/validation-workflow.service.ts
FN:87,(anonymous_0)
FN:93,(anonymous_1)
FN:99,(anonymous_2)
FN:110,(anonymous_3)
FN:120,(anonymous_4)
FN:127,(anonymous_5)
FN:136,(anonymous_6)
FN:148,(anonymous_7)
FN:154,(anonymous_8)
FN:160,(anonymous_9)
FN:169,(anonymous_10)
FN:175,(anonymous_11)
FN:187,(anonymous_12)
FN:193,(anonymous_13)
FN:201,(anonymous_14)
FN:202,(anonymous_15)
FN:215,(anonymous_16)
FN:226,(anonymous_17)
FN:234,(anonymous_18)
FN:238,(anonymous_19)
FN:244,(anonymous_20)
FN:248,(anonymous_21)
FN:251,(anonymous_22)
FN:258,(anonymous_23)
FN:271,(anonymous_24)
FN:291,(anonymous_25)
FN:300,(anonymous_26)
FN:306,(anonymous_27)
FN:315,(anonymous_28)
FN:352,(anonymous_29)
FN:355,(anonymous_30)
FN:374,(anonymous_31)
FN:380,(anonymous_32)
FN:386,(anonymous_33)
FN:388,(anonymous_34)
FNF:35
FNH:26
FNDA:6,(anonymous_0)
FNDA:6,(anonymous_1)
FNDA:4,(anonymous_2)
FNDA:0,(anonymous_3)
FNDA:2,(anonymous_4)
FNDA:39,(anonymous_5)
FNDA:35,(anonymous_6)
FNDA:32,(anonymous_7)
FNDA:26,(anonymous_8)
FNDA:0,(anonymous_9)
FNDA:6,(anonymous_10)
FNDA:0,(anonymous_11)
FNDA:12,(anonymous_12)
FNDA:0,(anonymous_13)
FNDA:1,(anonymous_14)
FNDA:7,(anonymous_15)
FNDA:0,(anonymous_16)
FNDA:5,(anonymous_17)
FNDA:2,(anonymous_18)
FNDA:2,(anonymous_19)
FNDA:1,(anonymous_20)
FNDA:1,(anonymous_21)
FNDA:4,(anonymous_22)
FNDA:26,(anonymous_23)
FNDA:36,(anonymous_24)
FNDA:17,(anonymous_25)
FNDA:36,(anonymous_26)
FNDA:130,(anonymous_27)
FNDA:10,(anonymous_28)
FNDA:1,(anonymous_29)
FNDA:72,(anonymous_30)
FNDA:0,(anonymous_31)
FNDA:0,(anonymous_32)
FNDA:0,(anonymous_33)
FNDA:0,(anonymous_34)
DA:60,1
DA:61,1
DA:62,1
DA:64,6
DA:66,6
DA:71,6
DA:75,6
DA:78,6
DA:79,6
DA:88,6
DA:89,6
DA:90,6
DA:93,6
DA:94,6
DA:95,6
DA:102,4
DA:111,0
DA:124,2
DA:128,39
DA:129,3
DA:131,36
DA:132,36
DA:133,36
DA:137,35
DA:138,21
DA:140,14
DA:144,35
DA:145,35
DA:149,32
DA:150,32
DA:153,32
DA:154,26
DA:155,26
DA:161,0
DA:162,0
DA:163,0
DA:172,6
DA:176,0
DA:180,6
DA:181,6
DA:185,6
DA:187,12
DA:190,6
DA:193,0
DA:196,6
DA:201,1
DA:203,7
DA:204,7
DA:206,7
DA:207,7
DA:212,6
DA:216,0
DA:223,6
DA:227,5
DA:231,6
DA:235,2
DA:238,2
DA:240,2
DA:243,2
DA:244,2
DA:247,2
DA:248,2
DA:251,4
DA:255,6
DA:259,26
DA:260,26
DA:272,36
DA:273,36
DA:274,0
DA:278,36
DA:279,36
DA:280,0
DA:283,36
DA:284,36
DA:285,21
DA:288,15
DA:289,15
DA:290,15
DA:291,17
DA:293,15
DA:301,36
DA:302,36
DA:303,0
DA:306,130
DA:307,36
DA:308,0
DA:311,36
DA:314,36
DA:315,36
DA:316,10
DA:317,9
DA:318,9
DA:319,9
DA:323,36
DA:324,36
DA:325,36
DA:326,17
DA:327,17
DA:328,17
DA:329,0
DA:330,0
DA:331,0
DA:334,17
DA:335,8
DA:336,8
DA:341,36
DA:342,28
DA:344,8
DA:345,8
DA:346,8
DA:348,8
DA:353,36
DA:354,36
DA:355,36
DA:356,72
DA:357,72
DA:358,23
DA:361,36
DA:362,14
DA:364,22
DA:375,0
DA:376,0
DA:377,0
DA:380,0
DA:381,0
DA:382,0
DA:386,0
DA:387,0
DA:388,0
DA:391,0
LF:130
LH:106
BRDA:128,0,0,3
BRDA:128,0,1,36
BRDA:137,1,0,21
BRDA:137,1,1,14
BRDA:153,2,0,26
BRDA:153,2,1,6
BRDA:203,3,0,7
BRDA:203,3,1,0
BRDA:206,4,0,7
BRDA:206,4,1,0
BRDA:273,5,0,0
BRDA:273,5,1,36
BRDA:279,6,0,0
BRDA:279,6,1,36
BRDA:284,7,0,21
BRDA:284,7,1,15
BRDA:290,8,0,15
BRDA:290,8,1,0
BRDA:291,9,0,17
BRDA:291,9,1,0
BRDA:302,10,0,0
BRDA:302,10,1,36
BRDA:307,11,0,0
BRDA:307,11,1,36
BRDA:316,12,0,9
BRDA:316,12,1,1
BRDA:318,13,0,9
BRDA:318,13,1,9
BRDA:327,14,0,17
BRDA:327,14,1,8
BRDA:328,15,0,0
BRDA:328,15,1,17
BRDA:329,16,0,0
BRDA:329,16,1,0
BRDA:331,17,0,0
BRDA:331,17,1,0
BRDA:334,18,0,8
BRDA:334,18,1,9
BRDA:336,19,0,8
BRDA:336,19,1,8
BRDA:341,20,0,28
BRDA:341,20,1,8
BRDA:345,21,0,8
BRDA:345,21,1,0
BRDA:356,22,0,72
BRDA:356,22,1,57
BRDA:357,23,0,23
BRDA:357,23,1,49
BRDA:361,24,0,14
BRDA:361,24,1,22
BRDA:388,25,0,0
BRDA:388,25,1,0
BRDA:60,26,0,6
BRDA:60,26,1,6
BRDA:60,27,0,1
BRDA:60,27,1,1
BRDA:60,27,2,1
BRF:57
BRH:41
end_of_record
TN:
SF:src/app/workspace/service/workflow-graph/model/joint-graph-wrapper.ts
FN:170,(anonymous_0)
FN:163,(anonymous_1)
FN:168,(anonymous_2)
FN:174,(anonymous_3)
FN:174,(anonymous_4)
FN:183,(anonymous_5)
FN:184,(anonymous_6)
FN:195,(anonymous_7)
FN:204,(anonymous_8)
FN:208,(anonymous_9)
FN:216,(anonymous_10)
FN:220,(anonymous_11)
FN:224,(anonymous_12)
FN:235,(anonymous_13)
FN:242,(anonymous_14)
FN:246,(anonymous_15)
FN:250,(anonymous_16)
FN:254,(anonymous_17)
FN:263,(anonymous_18)
FN:279,(anonymous_19)
FN:285,(anonymous_20)
FN:312,(anonymous_21)
FN:327,(anonymous_22)
FN:329,(anonymous_23)
FN:346,(anonymous_24)
FN:348,(anonymous_25)
FN:362,(anonymous_26)
FN:364,(anonymous_27)
FN:375,(anonymous_28)
FN:377,(anonymous_29)
FN:383,(anonymous_30)
FN:385,(anonymous_31)
FN:393,(anonymous_32)
FN:395,(anonymous_33)
FN:403,(anonymous_34)
FN:406,(anonymous_35)
FN:407,(anonymous_36)
FN:415,(anonymous_37)
FN:418,(anonymous_38)
FN:419,(anonymous_39)
FN:429,(anonymous_40)
FN:437,(anonymous_41)
FN:444,(anonymous_42)
FN:451,(anonymous_43)
FN:458,(anonymous_44)
FN:465,(anonymous_45)
FN:472,(anonymous_46)
FN:479,(anonymous_47)
FN:487,(anonymous_48)
FN:491,(anonymous_49)
FN:495,(anonymous_50)
FN:499,(anonymous_51)
FN:503,(anonymous_52)
FN:510,(anonymous_53)
FN:512,(anonymous_54)
FN:513,(anonymous_55)
FN:525,(anonymous_56)
FN:527,(anonymous_57)
FN:528,(anonymous_58)
FN:540,(anonymous_59)
FN:542,(anonymous_60)
FN:543,(anonymous_61)
FN:553,(anonymous_62)
FN:561,(anonymous_63)
FN:568,(anonymous_64)
FN:576,(anonymous_65)
FN:583,(anonymous_66)
FN:587,(anonymous_67)
FN:589,(anonymous_68)
FN:607,(anonymous_69)
FN:616,(anonymous_70)
FN:628,(anonymous_71)
FN:629,(anonymous_72)
FN:636,(anonymous_73)
FN:653,(anonymous_74)
FN:669,(anonymous_75)
FN:692,(anonymous_76)
FN:702,(anonymous_77)
FN:704,(anonymous_78)
FN:714,(anonymous_79)
FN:727,(anonymous_80)
FN:739,(anonymous_81)
FN:747,(anonymous_82)
FN:760,(anonymous_83)
FN:789,(anonymous_84)
FN:806,(anonymous_85)
FN:807,(anonymous_86)
FN:817,(anonymous_87)
FN:821,(anonymous_88)
FN:827,(anonymous_89)
FN:830,(anonymous_90)
FN:837,(anonymous_91)
FN:845,(anonymous_92)
FN:849,(anonymous_93)
FN:857,(anonymous_94)
FN:862,(anonymous_95)
FN:869,(anonymous_96)
FN:880,(anonymous_97)
FN:892,(anonymous_98)
FN:895,(anonymous_99)
FN:919,(anonymous_100)
FN:922,(anonymous_101)
FN:938,(anonymous_102)
FN:952,(anonymous_103)
FN:957,(anonymous_104)
FN:979,(anonymous_105)
FN:991,(anonymous_106)
FN:1006,(anonymous_107)
FNF:108
FNH:68
FNDA:82,(anonymous_0)
FNDA:198,(anonymous_1)
FNDA:62,(anonymous_2)
FNDA:106,(anonymous_3)
FNDA:80,(anonymous_4)
FNDA:19,(anonymous_5)
FNDA:9,(anonymous_6)
FNDA:0,(anonymous_7)
FNDA:0,(anonymous_8)
FNDA:0,(anonymous_9)
FNDA:146,(anonymous_10)
FNDA:0,(anonymous_11)
FNDA:72,(anonymous_12)
FNDA:100,(anonymous_13)
FNDA:78,(anonymous_14)
FNDA:74,(anonymous_15)
FNDA:72,(anonymous_16)
FNDA:4,(anonymous_17)
FNDA:0,(anonymous_18)
FNDA:56,(anonymous_19)
FNDA:6,(anonymous_20)
FNDA:10,(anonymous_21)
FNDA:83,(anonymous_22)
FNDA:83,(anonymous_23)
FNDA:94,(anonymous_24)
FNDA:46,(anonymous_25)
FNDA:0,(anonymous_26)
FNDA:0,(anonymous_27)
FNDA:84,(anonymous_28)
FNDA:7,(anonymous_29)
FNDA:0,(anonymous_30)
FNDA:0,(anonymous_31)
FNDA:78,(anonymous_32)
FNDA:0,(anonymous_33)
FNDA:0,(anonymous_34)
FNDA:0,(anonymous_35)
FNDA:0,(anonymous_36)
FNDA:78,(anonymous_37)
FNDA:0,(anonymous_38)
FNDA:0,(anonymous_39)
FNDA:5,(anonymous_40)
FNDA:3,(anonymous_41)
FNDA:0,(anonymous_42)
FNDA:3,(anonymous_43)
FNDA:4,(anonymous_44)
FNDA:0,(anonymous_45)
FNDA:0,(anonymous_46)
FNDA:0,(anonymous_47)
FNDA:0,(anonymous_48)
FNDA:0,(anonymous_49)
FNDA:0,(anonymous_50)
FNDA:0,(anonymous_51)
FNDA:0,(anonymous_52)
FNDA:3,(anonymous_53)
FNDA:6,(anonymous_54)
FNDA:3,(anonymous_55)
FNDA:53,(anonymous_56)
FNDA:92,(anonymous_57)
FNDA:22,(anonymous_58)
FNDA:58,(anonymous_59)
FNDA:18,(anonymous_60)
FNDA:10,(anonymous_61)
FNDA:3,(anonymous_62)
FNDA:0,(anonymous_63)
FNDA:0,(anonymous_64)
FNDA:1,(anonymous_65)
FNDA:2,(anonymous_66)
FNDA:1,(anonymous_67)
FNDA:3,(anonymous_68)
FNDA:1,(anonymous_69)
FNDA:1,(anonymous_70)
FNDA:54,(anonymous_71)
FNDA:0,(anonymous_72)
FNDA:12,(anonymous_73)
FNDA:3,(anonymous_74)
FNDA:6,(anonymous_75)
FNDA:6,(anonymous_76)
FNDA:1,(anonymous_77)
FNDA:5,(anonymous_78)
FNDA:2,(anonymous_79)
FNDA:0,(anonymous_80)
FNDA:6,(anonymous_81)
FNDA:16,(anonymous_82)
FNDA:83,(anonymous_83)
FNDA:53,(anonymous_84)
FNDA:82,(anonymous_85)
FNDA:19,(anonymous_86)
FNDA:7,(anonymous_87)
FNDA:82,(anonymous_88)
FNDA:82,(anonymous_89)
FNDA:17,(anonymous_90)
FNDA:17,(anonymous_91)
FNDA:0,(anonymous_92)
FNDA:0,(anonymous_93)
FNDA:82,(anonymous_94)
FNDA:82,(anonymous_95)
FNDA:82,(anonymous_96)
FNDA:82,(anonymous_97)
FNDA:0,(anonymous_98)
FNDA:0,(anonymous_99)
FNDA:0,(anonymous_100)
FNDA:0,(anonymous_101)
FNDA:0,(anonymous_102)
FNDA:0,(anonymous_103)
FNDA:0,(anonymous_104)
FNDA:0,(anonymous_105)
FNDA:0,(anonymous_106)
FNDA:0,(anonymous_107)
DA:71,7
DA:93,7
DA:95,7
DA:96,7
DA:98,7
DA:99,7
DA:101,82
DA:104,82
DA:106,82
DA:107,82
DA:110,82
DA:112,82
DA:115,82
DA:117,82
DA:119,82
DA:121,82
DA:123,82
DA:125,82
DA:127,82
DA:129,82
DA:131,82
DA:133,82
DA:135,82
DA:137,82
DA:140,82
DA:142,82
DA:145,82
DA:147,82
DA:149,82
DA:152,82
DA:154,82
DA:157,82
DA:163,198
DA:168,82
DA:170,82
DA:172,82
DA:174,106
DA:175,80
DA:179,80
DA:182,82
DA:183,19
DA:184,9
DA:196,0
DA:197,0
DA:198,0
DA:199,0
DA:200,0
DA:201,0
DA:205,0
DA:209,0
DA:217,146
DA:221,0
DA:225,72
DA:236,100
DA:243,78
DA:247,74
DA:251,72
DA:255,4
DA:264,0
DA:284,56
DA:286,6
DA:287,6
DA:288,6
DA:289,6
DA:290,0
DA:292,6
DA:297,6
DA:299,6
DA:303,6
DA:313,10
DA:314,10
DA:315,10
DA:316,10
DA:328,83
DA:329,83
DA:330,83
DA:333,83
DA:334,72
DA:347,94
DA:348,94
DA:349,46
DA:352,94
DA:353,43
DA:363,0
DA:364,0
DA:365,0
DA:366,0
DA:376,84
DA:377,84
DA:378,84
DA:379,2
DA:384,0
DA:385,0
DA:386,0
DA:388,0
DA:389,0
DA:394,78
DA:395,78
DA:396,0
DA:398,78
DA:399,0
DA:404,0
DA:405,0
DA:406,0
DA:408,0
DA:409,0
DA:410,0
DA:412,0
DA:416,78
DA:417,78
DA:418,0
DA:420,0
DA:421,0
DA:423,78
DA:430,5
DA:438,3
DA:445,0
DA:452,3
DA:459,4
DA:466,0
DA:473,0
DA:480,0
DA:488,0
DA:492,0
DA:496,0
DA:500,0
DA:504,0
DA:511,3
DA:512,6
DA:513,3
DA:526,53
DA:527,92
DA:528,22
DA:541,58
DA:542,18
DA:543,10
DA:554,3
DA:555,3
DA:562,0
DA:569,0
DA:577,1
DA:584,2
DA:588,1
DA:589,3
DA:608,1
DA:609,1
DA:617,1
DA:629,54
DA:637,12
DA:638,12
DA:639,1
DA:641,11
DA:642,1
DA:644,10
DA:645,10
DA:646,10
DA:654,3
DA:655,3
DA:656,0
DA:658,3
DA:659,0
DA:661,3
DA:662,3
DA:670,6
DA:671,6
DA:672,0
DA:674,6
DA:675,0
DA:677,6
DA:678,6
DA:693,6
DA:694,0
DA:696,6
DA:697,0
DA:700,6
DA:701,1
DA:702,1
DA:704,6
DA:705,6
DA:706,6
DA:715,2
DA:716,0
DA:718,2
DA:719,2
DA:720,2
DA:728,0
DA:729,0
DA:730,0
DA:732,0
DA:740,6
DA:748,16
DA:766,83
DA:767,0
DA:770,83
DA:771,7
DA:774,76
DA:775,68
DA:776,68
DA:777,68
DA:778,68
DA:781,76
DA:782,76
DA:794,53
DA:795,6
DA:797,47
DA:798,47
DA:807,82
DA:808,19
DA:809,19
DA:810,0
DA:811,19
DA:812,0
DA:822,17
DA:828,15
DA:829,15
DA:830,15
DA:831,17
DA:832,0
DA:836,15
DA:838,17
DA:839,0
DA:841,17
DA:842,17
DA:846,0
DA:847,0
DA:850,0
DA:851,0
DA:854,15
DA:858,0
DA:859,0
DA:863,0
DA:864,0
DA:865,0
DA:870,0
DA:871,0
DA:872,0
DA:874,0
DA:875,0
DA:877,0
DA:881,17
DA:885,82
DA:893,0
DA:894,0
DA:895,0
DA:896,0
DA:897,0
DA:898,0
DA:899,0
DA:900,0
DA:901,0
DA:904,0
DA:905,0
DA:906,0
DA:907,0
DA:908,0
DA:909,0
DA:920,0
DA:921,0
DA:922,0
DA:923,0
DA:924,0
DA:925,0
DA:940,0
DA:941,0
DA:942,0
DA:952,0
DA:953,0
DA:957,0
DA:958,0
DA:959,0
DA:960,0
DA:961,0
DA:962,0
DA:963,0
DA:964,0
DA:965,0
DA:966,0
DA:968,0
DA:980,0
DA:981,0
DA:993,0
DA:994,0
DA:995,0
DA:1007,0
LF:284
LH:167
BRDA:289,0,0,0
BRDA:289,0,1,6
BRDA:292,1,0,6
BRDA:292,1,1,0
BRDA:293,2,0,6
BRDA:293,2,1,0
BRDA:293,2,2,0
BRDA:333,3,0,72
BRDA:333,3,1,11
BRDA:352,4,0,43
BRDA:352,4,1,51
BRDA:365,5,0,0
BRDA:365,5,1,0
BRDA:378,6,0,2
BRDA:378,6,1,82
BRDA:388,7,0,0
BRDA:388,7,1,0
BRDA:398,8,0,0
BRDA:398,8,1,78
BRDA:408,9,0,0
BRDA:408,9,1,0
BRDA:638,10,0,1
BRDA:638,10,1,11
BRDA:641,11,0,1
BRDA:641,11,1,10
BRDA:655,12,0,0
BRDA:655,12,1,3
BRDA:658,13,0,0
BRDA:658,13,1,3
BRDA:671,14,0,0
BRDA:671,14,1,6
BRDA:674,15,0,0
BRDA:674,15,1,6
BRDA:693,16,0,0
BRDA:693,16,1,6
BRDA:696,17,0,0
BRDA:696,17,1,6
BRDA:700,18,0,1
BRDA:700,18,1,5
BRDA:715,19,0,0
BRDA:715,19,1,2
BRDA:729,20,0,0
BRDA:729,20,1,0
BRDA:732,21,0,0
BRDA:732,21,1,0
BRDA:766,22,0,0
BRDA:766,22,1,83
BRDA:770,23,0,7
BRDA:770,23,1,76
BRDA:774,24,0,68
BRDA:774,24,1,8
BRDA:794,25,0,6
BRDA:794,25,1,47
BRDA:809,26,0,0
BRDA:809,26,1,19
BRDA:811,27,0,0
BRDA:811,27,1,19
BRDA:838,28,0,0
BRDA:838,28,1,17
BRDA:864,29,0,0
BRDA:864,29,1,0
BRDA:870,30,0,0
BRDA:870,30,1,0
BRDA:875,31,0,0
BRDA:875,31,1,0
BRDA:875,32,0,0
BRDA:875,32,1,0
BRDA:894,33,0,0
BRDA:894,33,1,0
BRDA:897,34,0,0
BRDA:897,34,1,0
BRDA:907,35,0,0
BRDA:907,35,1,0
BRDA:921,36,0,0
BRDA:921,36,1,0
BRDA:924,37,0,0
BRDA:924,37,1,0
BRDA:959,38,0,0
BRDA:959,38,1,0
BRDA:961,39,0,0
BRDA:961,39,1,0
BRDA:963,40,0,0
BRDA:963,40,1,0
BRDA:965,41,0,0
BRDA:965,41,1,0
BRF:85
BRH:33
end_of_record
TN:
SF:src/app/workspace/service/workflow-graph/model/mock-workflow-data.ts
FNF:0
FNH:0
DA:44,7
DA:49,7
DA:60,7
DA:71,7
DA:125,7
DA:137,7
DA:149,7
DA:161,7
DA:173,7
DA:185,7
LF:10
LH:10
BRF:0
BRH:0
end_of_record
TN:
SF:src/app/workspace/service/workflow-graph/model/shared-model-change-handler.ts
FN:48,(anonymous_0)
FN:60,(anonymous_1)
FN:70,(anonymous_2)
FN:78,(anonymous_3)
FN:80,(anonymous_4)
FN:83,(anonymous_5)
FN:118,(anonymous_6)
FN:147,(anonymous_7)
FN:148,(anonymous_8)
FN:153,(anonymous_9)
FN:176,(anonymous_10)
FN:177,(anonymous_11)
FN:218,(anonymous_12)
FN:237,(anonymous_13)
FN:238,(anonymous_14)
FN:239,(anonymous_15)
FN:258,(anonymous_16)
FN:259,(anonymous_17)
FN:260,(anonymous_18)
FN:283,(anonymous_19)
FN:284,(anonymous_20)
FN:285,(anonymous_21)
FN:370,(anonymous_22)
FN:419,(anonymous_23)
FN:432,(anonymous_24)
FN:449,(anonymous_25)
FN:473,(anonymous_26)
FN:474,(anonymous_27)
FN:475,(anonymous_28)
FNF:29
FNH:22
FNDA:50,(anonymous_0)
FNDA:0,(anonymous_1)
FNDA:50,(anonymous_2)
FNDA:50,(anonymous_3)
FNDA:72,(anonymous_4)
FNDA:75,(anonymous_5)
FNDA:0,(anonymous_6)
FNDA:50,(anonymous_7)
FNDA:26,(anonymous_8)
FNDA:27,(anonymous_9)
FNDA:0,(anonymous_10)
FNDA:0,(anonymous_11)
FNDA:21,(anonymous_12)
FNDA:50,(anonymous_13)
FNDA:75,(anonymous_14)
FNDA:81,(anonymous_15)
FNDA:50,(anonymous_16)
FNDA:1,(anonymous_17)
FNDA:1,(anonymous_18)
FNDA:50,(anonymous_19)
FNDA:80,(anonymous_20)
FNDA:80,(anonymous_21)
FNDA:0,(anonymous_22)
FNDA:6,(anonymous_23)
FNDA:0,(anonymous_24)
FNDA:0,(anonymous_25)
FNDA:50,(anonymous_26)
FNDA:1,(anonymous_27)
FNDA:1,(anonymous_28)
DA:45,6
DA:46,50
DA:49,50
DA:50,50
DA:51,50
DA:52,50
DA:54,50
DA:55,50
DA:56,50
DA:57,50
DA:58,50
DA:59,50
DA:60,50
DA:61,0
DA:62,0
DA:63,0
DA:64,0
DA:65,0
DA:66,0
DA:71,50
DA:80,50
DA:81,72
DA:82,72
DA:83,72
DA:84,75
DA:85,69
DA:87,69
DA:88,69
DA:90,69
DA:91,69
DA:92,69
DA:94,0
DA:97,75
DA:99,6
DA:101,6
DA:102,6
DA:109,6
DA:111,6
DA:112,6
DA:116,72
DA:118,0
DA:119,0
DA:123,72
DA:124,69
DA:129,72
DA:130,69
DA:131,69
DA:132,69
DA:135,72
DA:137,72
DA:138,72
DA:148,50
DA:149,26
DA:150,26
DA:151,26
DA:152,26
DA:153,26
DA:154,27
DA:155,21
DA:157,21
DA:158,21
DA:159,21
DA:160,21
DA:163,27
DA:164,6
DA:165,6
DA:170,26
DA:171,26
DA:172,6
DA:173,6
DA:175,26
DA:176,0
DA:177,0
DA:180,26
DA:181,21
DA:184,26
DA:187,26
DA:188,21
DA:189,21
DA:192,26
DA:193,6
DA:194,6
DA:219,21
DA:220,21
DA:222,21
DA:223,21
DA:226,0
DA:228,0
DA:229,0
DA:238,50
DA:239,75
DA:240,81
DA:241,6
DA:242,6
DA:243,6
DA:244,6
DA:245,6
DA:246,6
DA:248,6
DA:259,50
DA:260,1
DA:261,1
DA:262,1
DA:263,1
DA:264,1
DA:265,1
DA:267,1
DA:268,0
DA:284,50
DA:285,80
DA:286,80
DA:287,8
DA:288,8
DA:290,2
DA:291,2
DA:292,2
DA:293,0
DA:296,0
DA:297,0
DA:302,0
DA:307,2
DA:308,0
DA:311,0
DA:312,0
DA:317,0
DA:322,2
DA:323,2
DA:326,2
DA:327,2
DA:332,0
DA:337,0
DA:338,0
DA:341,6
DA:342,0
DA:345,0
DA:349,6
DA:350,6
DA:351,0
DA:352,0
DA:353,0
DA:354,0
DA:356,0
DA:371,0
DA:373,0
DA:374,0
DA:375,0
DA:376,0
DA:377,0
DA:380,0
DA:381,0
DA:383,0
DA:386,0
DA:391,0
DA:393,0
DA:396,0
DA:397,0
DA:408,0
DA:420,6
DA:421,6
DA:422,6
DA:424,6
DA:425,6
DA:426,0
DA:427,0
DA:433,0
DA:434,0
DA:435,0
DA:445,0
DA:446,0
DA:450,0
DA:451,0
DA:453,0
DA:454,0
DA:455,0
DA:458,0
DA:459,0
DA:462,0
DA:463,0
DA:474,50
DA:475,1
DA:476,1
DA:477,0
DA:478,0
DA:479,0
DA:480,0
DA:481,0
DA:482,0
DA:484,0
DA:485,0
DA:486,0
DA:488,0
DA:489,0
LF:192
LH:117
BRDA:84,0,0,69
BRDA:84,0,1,6
BRDA:87,1,0,69
BRDA:87,1,1,0
BRDA:97,2,0,6
BRDA:97,2,1,69
BRDA:101,3,0,6
BRDA:101,3,1,0
BRDA:116,4,0,0
BRDA:116,4,1,72
BRDA:135,5,0,72
BRDA:135,5,1,0
BRDA:135,6,0,72
BRDA:135,6,1,72
BRDA:154,7,0,21
BRDA:154,7,1,6
BRDA:157,8,0,21
BRDA:157,8,1,0
BRDA:163,9,0,6
BRDA:163,9,1,21
BRDA:172,10,0,6
BRDA:172,10,1,0
BRDA:172,11,0,6
BRDA:172,11,1,6
BRDA:175,12,0,0
BRDA:175,12,1,26
BRDA:240,13,0,6
BRDA:240,13,1,75
BRDA:243,14,0,6
BRDA:243,14,1,0
BRDA:261,15,0,1
BRDA:261,15,1,0
BRDA:267,16,0,0
BRDA:267,16,1,1
BRDA:286,17,0,8
BRDA:286,17,1,72
BRDA:288,18,0,2
BRDA:288,18,1,6
BRDA:292,19,0,0
BRDA:292,19,1,2
BRDA:296,20,0,0
BRDA:296,20,1,0
BRDA:307,21,0,0
BRDA:307,21,1,2
BRDA:311,22,0,0
BRDA:311,22,1,0
BRDA:322,23,0,2
BRDA:322,23,1,0
BRDA:326,24,0,2
BRDA:326,24,1,0
BRDA:337,25,0,0
BRDA:337,25,1,0
BRDA:341,26,0,0
BRDA:341,26,1,6
BRDA:349,27,0,6
BRDA:349,27,1,0
BRDA:351,28,0,0
BRDA:351,28,1,0
BRDA:353,29,0,0
BRDA:353,29,1,0
BRDA:371,30,0,0
BRDA:371,30,1,0
BRDA:374,31,0,0
BRDA:374,31,1,0
BRDA:376,32,0,0
BRDA:376,32,1,0
BRDA:376,33,0,0
BRDA:376,33,1,0
BRDA:381,34,0,0
BRDA:381,34,1,0
BRDA:383,35,0,0
BRDA:383,35,1,0
BRDA:391,36,0,0
BRDA:391,36,1,0
BRDA:393,37,0,0
BRDA:393,37,1,0
BRDA:396,38,0,0
BRDA:396,38,1,0
BRDA:396,39,0,0
BRDA:396,39,1,0
BRDA:422,40,0,6
BRDA:422,40,1,0
BRDA:425,41,0,0
BRDA:425,41,1,6
BRDA:425,42,0,6
BRDA:425,42,1,6
BRDA:434,43,0,0
BRDA:434,43,1,0
BRDA:440,44,0,0
BRDA:440,44,1,0
BRDA:451,45,0,0
BRDA:451,45,1,0
BRDA:454,46,0,0
BRDA:454,46,1,0
BRDA:458,47,0,0
BRDA:458,47,1,0
BRDA:476,48,0,0
BRDA:476,48,1,1
BRDA:478,49,0,0
BRDA:478,49,1,0
BRDA:478,50,0,0
BRDA:478,50,1,0
BRDA:481,51,0,0
BRDA:481,51,1,0
BRDA:484,52,0,0
BRDA:484,52,1,0
BRDA:488,53,0,0
BRDA:488,53,1,0
BRF:108
BRH:39
end_of_record
TN:
SF:src/app/workspace/service/workflow-graph/model/shared-model.ts
FN:60,(anonymous_0)
FN:104,(anonymous_1)
FN:113,(anonymous_2)
FN:121,(anonymous_3)
FN:122,(anonymous_4)
FN:128,(anonymous_5)
FNF:6
FNH:5
FNDA:82,(anonymous_0)
FNDA:82,(anonymous_1)
FNDA:5,(anonymous_2)
FNDA:87,(anonymous_3)
FNDA:87,(anonymous_4)
FNDA:0,(anonymous_5)
DA:39,9
DA:40,82
DA:61,82
DA:62,82
DA:63,82
DA:66,82
DA:67,82
DA:68,82
DA:69,82
DA:70,82
DA:73,82
DA:81,82
DA:82,82
DA:83,82
DA:86,82
DA:87,82
DA:88,82
DA:89,0
DA:94,0
DA:105,82
DA:114,5
DA:122,87
DA:129,0
DA:130,0
DA:131,0
DA:133,0
LF:26
LH:20
BRDA:82,0,0,0
BRDA:82,0,1,82
BRDA:88,1,0,0
BRDA:88,1,1,82
BRDA:114,2,0,0
BRDA:114,2,1,5
BRDA:131,3,0,0
BRDA:131,3,1,0
BRDA:131,4,0,0
BRDA:131,4,1,0
BRF:10
BRH:3
end_of_record
TN:
SF:src/app/workspace/service/workflow-graph/model/sync-texera-model.ts
FN:36,(anonymous_0)
FN:62,(anonymous_1)
FN:71,(anonymous_2)
FN:72,(anonymous_3)
FN:73,(anonymous_4)
FN:75,(anonymous_5)
FN:85,(anonymous_6)
FN:86,(anonymous_7)
FN:87,(anonymous_8)
FN:89,(anonymous_9)
FN:99,(anonymous_10)
FN:101,(anonymous_11)
FN:110,(anonymous_12)
FN:111,(anonymous_13)
FN:113,(anonymous_14)
FN:124,(anonymous_15)
FN:146,(anonymous_16)
FNF:17
FNH:17
FNDA:56,(anonymous_0)
FNDA:56,(anonymous_1)
FNDA:25,(anonymous_2)
FNDA:23,(anonymous_3)
FNDA:2,(anonymous_4)
FNDA:2,(anonymous_5)
FNDA:8,(anonymous_6)
FNDA:7,(anonymous_7)
FNDA:1,(anonymous_8)
FNDA:1,(anonymous_9)
FNDA:2,(anonymous_10)
FNDA:2,(anonymous_11)
FNDA:2,(anonymous_12)
FNDA:1,(anonymous_13)
FNDA:1,(anonymous_14)
FNDA:35,(anonymous_15)
FNDA:7,(anonymous_16)
DA:35,7
DA:37,56
DA:38,56
DA:40,56
DA:68,56
DA:71,25
DA:72,23
DA:73,2
DA:75,2
DA:82,56
DA:85,8
DA:86,7
DA:87,1
DA:89,1
DA:96,56
DA:99,2
DA:102,2
DA:103,2
DA:104,2
DA:105,2
DA:106,2
DA:107,2
DA:110,2
DA:111,1
DA:114,1
DA:125,35
DA:151,4
DA:152,4
DA:154,4
DA:155,0
DA:158,4
DA:159,0
DA:162,4
LF:33
LH:31
BRDA:103,0,0,2
BRDA:103,0,1,0
BRDA:126,1,0,35
BRDA:126,1,1,35
BRDA:126,1,2,31
BRDA:126,1,3,31
BRDA:126,1,4,31
BRDA:126,1,5,31
BRDA:126,1,6,31
BRDA:126,1,7,31
BRDA:126,1,8,31
BRDA:126,1,9,0
BRDA:154,2,0,0
BRDA:154,2,1,4
BRDA:158,3,0,0
BRDA:158,3,1,4
BRF:16
BRH:12
end_of_record
TN:
SF:src/app/workspace/service/workflow-graph/model/workflow-action.service.ts
FN:101,(anonymous_0)
FN:127,(anonymous_1)
FN:137,(anonymous_2)
FN:145,(anonymous_3)
FN:151,(anonymous_4)
FN:155,(anonymous_5)
FN:162,(anonymous_6)
FN:173,(anonymous_7)
FN:184,(anonymous_8)
FN:188,(anonymous_9)
FN:203,(anonymous_10)
FN:213,(anonymous_11)
FN:225,(anonymous_12)
FN:227,(anonymous_13)
FN:230,(anonymous_14)
FN:231,(anonymous_15)
FN:239,(anonymous_16)
FN:246,(anonymous_17)
FN:269,(anonymous_18)
FN:276,(anonymous_19)
FN:277,(anonymous_20)
FN:287,(anonymous_21)
FN:291,(anonymous_22)
FN:305,(anonymous_23)
FN:315,(anonymous_24)
FN:325,(anonymous_25)
FN:334,(anonymous_26)
FN:343,(anonymous_27)
FN:345,(anonymous_28)
FN:350,(anonymous_29)
FN:352,(anonymous_30)
FN:353,(anonymous_31)
FN:364,(anonymous_32)
FN:366,(anonymous_33)
FN:390,(anonymous_34)
FN:391,(anonymous_35)
FN:422,(anonymous_36)
FN:433,(anonymous_37)
FN:444,(anonymous_38)
FN:454,(anonymous_39)
FN:455,(anonymous_40)
FN:460,(anonymous_41)
FN:461,(anonymous_42)
FN:466,(anonymous_43)
FN:467,(anonymous_44)
FN:472,(anonymous_45)
FN:473,(anonymous_46)
FN:478,(anonymous_47)
FN:479,(anonymous_48)
FN:484,(anonymous_49)
FN:493,(anonymous_50)
FN:501,(anonymous_51)
FN:506,(anonymous_52)
FN:510,(anonymous_53)
FN:515,(anonymous_54)
FN:517,(anonymous_55)
FN:518,(anonymous_56)
FN:519,(anonymous_57)
FN:522,(anonymous_58)
FN:527,(anonymous_59)
FN:531,(anonymous_60)
FN:532,(anonymous_61)
FN:533,(anonymous_62)
FN:539,(anonymous_63)
FN:540,(anonymous_64)
FN:541,(anonymous_65)
FN:547,(anonymous_66)
FN:548,(anonymous_67)
FN:549,(anonymous_68)
FN:555,(anonymous_69)
FN:556,(anonymous_70)
FN:557,(anonymous_71)
FN:563,(anonymous_72)
FN:564,(anonymous_73)
FN:565,(anonymous_74)
FN:571,(anonymous_75)
FN:572,(anonymous_76)
FN:573,(anonymous_77)
FN:579,(anonymous_78)
FN:583,(anonymous_79)
FN:587,(anonymous_80)
FN:602,(anonymous_81)
FN:610,(anonymous_82)
FN:621,(anonymous_83)
FN:627,(anonymous_84)
FN:634,(anonymous_85)
FN:639,(anonymous_86)
FN:652,(anonymous_87)
FN:682,(anonymous_88)
FN:708,(anonymous_89)
FN:716,(anonymous_90)
FN:726,(anonymous_91)
FN:735,(anonymous_92)
FN:739,(anonymous_93)
FN:743,(anonymous_94)
FN:755,(anonymous_95)
FN:769,(anonymous_96)
FN:780,(anonymous_97)
FN:790,(anonymous_98)
FN:795,(anonymous_99)
FN:803,(anonymous_100)
FN:808,(anonymous_101)
FN:814,(anonymous_102)
FN:818,(anonymous_103)
FN:826,(anonymous_104)
FN:833,(anonymous_105)
FN:856,(anonymous_106)
FN:860,(anonymous_107)
FN:861,(anonymous_108)
FN:862,(anonymous_109)
FN:863,(anonymous_110)
FN:870,(anonymous_111)
FN:871,(anonymous_112)
FN:889,(anonymous_113)
FN:890,(anonymous_114)
FN:897,(anonymous_115)
FN:898,(anonymous_116)
FN:912,(anonymous_117)
FN:923,(anonymous_118)
FN:927,(anonymous_119)
FNF:120
FNH:34
FNDA:50,(anonymous_0)
FNDA:50,(anonymous_1)
FNDA:0,(anonymous_2)
FNDA:0,(anonymous_3)
FNDA:0,(anonymous_4)
FNDA:0,(anonymous_5)
FNDA:0,(anonymous_6)
FNDA:414,(anonymous_7)
FNDA:46,(anonymous_8)
FNDA:0,(anonymous_9)
FNDA:70,(anonymous_10)
FNDA:68,(anonymous_11)
FNDA:5,(anonymous_12)
FNDA:5,(anonymous_13)
FNDA:2,(anonymous_14)
FNDA:2,(anonymous_15)
FNDA:0,(anonymous_16)
FNDA:0,(anonymous_17)
FNDA:0,(anonymous_18)
FNDA:0,(anonymous_19)
FNDA:0,(anonymous_20)
FNDA:1,(anonymous_21)
FNDA:1,(anonymous_22)
FNDA:3,(anonymous_23)
FNDA:3,(anonymous_24)
FNDA:0,(anonymous_25)
FNDA:0,(anonymous_26)
FNDA:0,(anonymous_27)
FNDA:0,(anonymous_28)
FNDA:0,(anonymous_29)
FNDA:0,(anonymous_30)
FNDA:0,(anonymous_31)
FNDA:1,(anonymous_32)
FNDA:1,(anonymous_33)
FNDA:0,(anonymous_34)
FNDA:0,(anonymous_35)
FNDA:27,(anonymous_36)
FNDA:8,(anonymous_37)
FNDA:1,(anonymous_38)
FNDA:7,(anonymous_39)
FNDA:7,(anonymous_40)
FNDA:0,(anonymous_41)
FNDA:0,(anonymous_42)
FNDA:0,(anonymous_43)
FNDA:0,(anonymous_44)
FNDA:0,(anonymous_45)
FNDA:0,(anonymous_46)
FNDA:0,(anonymous_47)
FNDA:0,(anonymous_48)
FNDA:0,(anonymous_49)
FNDA:5,(anonymous_50)
FNDA:0,(anonymous_51)
FNDA:6,(anonymous_52)
FNDA:0,(anonymous_53)
FNDA:0,(anonymous_54)
FNDA:0,(anonymous_55)
FNDA:0,(anonymous_56)
FNDA:0,(anonymous_57)
FNDA:0,(anonymous_58)
FNDA:0,(anonymous_59)
FNDA:0,(anonymous_60)
FNDA:0,(anonymous_61)
FNDA:0,(anonymous_62)
FNDA:0,(anonymous_63)
FNDA:0,(anonymous_64)
FNDA:0,(anonymous_65)
FNDA:0,(anonymous_66)
FNDA:0,(anonymous_67)
FNDA:0,(anonymous_68)
FNDA:0,(anonymous_69)
FNDA:0,(anonymous_70)
FNDA:0,(anonymous_71)
FNDA:0,(anonymous_72)
FNDA:0,(anonymous_73)
FNDA:0,(anonymous_74)
FNDA:0,(anonymous_75)
FNDA:0,(anonymous_76)
FNDA:0,(anonymous_77)
FNDA:0,(anonymous_78)
FNDA:0,(anonymous_79)
FNDA:0,(anonymous_80)
FNDA:0,(anonymous_81)
FNDA:0,(anonymous_82)
FNDA:0,(anonymous_83)
FNDA:0,(anonymous_84)
FNDA:0,(anonymous_85)
FNDA:0,(anonymous_86)
FNDA:0,(anonymous_87)
FNDA:6,(anonymous_88)
FNDA:0,(anonymous_89)
FNDA:0,(anonymous_90)
FNDA:0,(anonymous_91)
FNDA:0,(anonymous_92)
FNDA:0,(anonymous_93)
FNDA:0,(anonymous_94)
FNDA:0,(anonymous_95)
FNDA:0,(anonymous_96)
FNDA:0,(anonymous_97)
FNDA:0,(anonymous_98)
FNDA:0,(anonymous_99)
FNDA:0,(anonymous_100)
FNDA:0,(anonymous_101)
FNDA:0,(anonymous_102)
FNDA:0,(anonymous_103)
FNDA:0,(anonymous_104)
FNDA:0,(anonymous_105)
FNDA:50,(anonymous_106)
FNDA:6,(anonymous_107)
FNDA:5,(anonymous_108)
FNDA:2,(anonymous_109)
FNDA:2,(anonymous_110)
FNDA:2,(anonymous_111)
FNDA:2,(anonymous_112)
FNDA:3,(anonymous_113)
FNDA:0,(anonymous_114)
FNDA:3,(anonymous_115)
FNDA:1,(anonymous_116)
FNDA:0,(anonymous_117)
FNDA:0,(anonymous_118)
FNDA:0,(anonymous_119)
DA:48,6
DA:49,6
DA:80,50
DA:88,50
DA:89,50
DA:90,50
DA:91,50
DA:94,50
DA:95,50
DA:96,50
DA:99,50
DA:102,50
DA:103,50
DA:104,50
DA:105,50
DA:106,50
DA:108,50
DA:109,50
DA:110,50
DA:112,50
DA:113,50
DA:119,50
DA:120,50
DA:121,50
DA:122,50
DA:124,50
DA:128,50
DA:138,0
DA:139,0
DA:140,0
DA:141,0
DA:146,0
DA:147,0
DA:148,0
DA:152,0
DA:156,0
DA:163,0
DA:174,414
DA:185,46
DA:189,0
DA:205,70
DA:207,70
DA:209,70
DA:210,1
DA:213,68
DA:215,68
DA:216,68
DA:226,5
DA:227,5
DA:228,5
DA:230,2
DA:231,2
DA:232,5
DA:233,5
DA:234,5
DA:235,4
DA:240,0
DA:242,0
DA:243,0
DA:244,0
DA:246,0
DA:247,0
DA:248,0
DA:251,0
DA:259,0
DA:260,0
DA:262,0
DA:263,0
DA:265,0
DA:266,0
DA:269,0
DA:271,0
DA:272,0
DA:277,0
DA:278,0
DA:279,0
DA:288,1
DA:289,1
DA:290,1
DA:291,1
DA:292,1
DA:293,1
DA:294,0
DA:311,3
DA:313,3
DA:314,3
DA:315,3
DA:316,3
DA:317,6
DA:319,3
DA:320,3
DA:321,0
DA:324,3
DA:325,0
DA:335,0
DA:336,0
DA:344,0
DA:345,0
DA:347,0
DA:350,0
DA:352,0
DA:353,0
DA:354,0
DA:366,1
DA:367,1
DA:368,1
DA:369,1
DA:370,3
DA:371,3
DA:372,3
DA:373,3
DA:376,1
DA:377,0
DA:378,0
DA:379,0
DA:380,0
DA:383,1
DA:391,0
DA:392,0
DA:393,0
DA:394,0
DA:396,0
DA:397,0
DA:399,0
DA:400,0
DA:401,0
DA:403,0
DA:404,0
DA:406,0
DA:407,0
DA:411,0
DA:413,0
DA:423,27
DA:424,27
DA:425,27
DA:434,8
DA:435,8
DA:436,8
DA:445,1
DA:446,1
DA:455,7
DA:456,7
DA:461,0
DA:462,0
DA:467,0
DA:468,0
DA:473,0
DA:474,0
DA:479,0
DA:480,0
DA:485,0
DA:486,0
DA:487,0
DA:494,5
DA:495,5
DA:502,0
DA:503,0
DA:507,6
DA:511,0
DA:512,0
DA:516,0
DA:517,0
DA:518,0
DA:519,0
DA:523,0
DA:524,0
DA:528,0
DA:532,0
DA:533,0
DA:534,0
DA:540,0
DA:541,0
DA:542,0
DA:548,0
DA:549,0
DA:550,0
DA:556,0
DA:557,0
DA:558,0
DA:564,0
DA:565,0
DA:566,0
DA:572,0
DA:573,0
DA:574,0
DA:580,0
DA:584,0
DA:588,0
DA:603,0
DA:604,0
DA:611,0
DA:626,0
DA:627,0
DA:628,0
DA:631,0
DA:634,0
DA:637,0
DA:639,0
DA:641,0
DA:643,0
DA:644,0
DA:645,0
DA:648,0
DA:649,0
DA:651,0
DA:652,0
DA:653,0
DA:654,0
DA:655,0
DA:657,0
DA:660,0
DA:662,0
DA:664,0
DA:666,0
DA:669,0
DA:670,0
DA:673,0
DA:678,0
DA:679,0
DA:683,6
DA:709,0
DA:717,0
DA:718,0
DA:721,0
DA:722,0
DA:723,0
DA:727,0
DA:728,0
DA:731,0
DA:732,0
DA:736,0
DA:740,0
DA:745,0
DA:746,0
DA:747,0
DA:748,0
DA:749,0
DA:750,0
DA:752,0
DA:756,0
DA:760,0
DA:770,0
DA:781,0
DA:782,0
DA:784,0
DA:791,0
DA:792,0
DA:796,0
DA:804,0
DA:805,0
DA:809,0
DA:810,0
DA:815,0
DA:819,0
DA:820,0
DA:821,0
DA:822,0
DA:823,0
DA:827,0
DA:834,0
DA:835,0
DA:836,0
DA:857,50
DA:860,6
DA:861,5
DA:862,2
DA:864,2
DA:871,2
DA:872,2
DA:876,2
DA:878,2
DA:881,2
DA:882,2
DA:883,2
DA:884,2
DA:888,2
DA:889,3
DA:891,0
DA:896,2
DA:897,3
DA:899,1
DA:900,1
DA:905,2
DA:906,2
DA:913,0
DA:914,0
DA:915,0
DA:920,0
DA:924,0
DA:928,0
LF:290
LH:105
BRDA:138,0,0,0
BRDA:138,0,1,0
BRDA:138,1,0,0
BRDA:138,1,1,0
BRDA:209,2,0,1
BRDA:209,2,1,69
BRDA:230,3,0,2
BRDA:230,3,1,2
BRDA:234,4,0,4
BRDA:234,4,1,1
BRDA:242,5,0,0
BRDA:242,5,1,0
BRDA:243,6,0,0
BRDA:243,6,1,0
BRDA:259,7,0,0
BRDA:259,7,1,0
BRDA:259,8,0,0
BRDA:259,8,1,0
BRDA:262,9,0,0
BRDA:262,9,1,0
BRDA:262,10,0,0
BRDA:262,10,1,0
BRDA:265,11,0,0
BRDA:265,11,1,0
BRDA:265,12,0,0
BRDA:265,12,1,0
BRDA:319,13,0,3
BRDA:319,13,1,0
BRDA:324,14,0,0
BRDA:324,14,1,3
BRDA:350,15,0,0
BRDA:350,15,1,0
BRDA:372,16,0,3
BRDA:372,16,1,0
BRDA:379,17,0,0
BRDA:379,17,1,0
BRDA:394,18,0,0
BRDA:394,18,1,0
BRDA:403,19,0,0
BRDA:403,19,1,0
BRDA:406,20,0,0
BRDA:406,20,1,0
BRDA:623,21,0,0
BRDA:624,22,0,0
BRDA:643,23,0,0
BRDA:643,23,1,0
BRDA:649,24,0,0
BRDA:649,24,1,0
BRDA:654,25,0,0
BRDA:654,25,1,0
BRDA:669,26,0,0
BRDA:669,26,1,0
BRDA:717,27,0,0
BRDA:717,27,1,0
BRDA:721,28,0,0
BRDA:721,28,1,0
BRDA:727,29,0,0
BRDA:727,29,1,0
BRDA:731,30,0,0
BRDA:731,30,1,0
BRDA:781,31,0,0
BRDA:781,31,1,0
BRDA:804,32,0,0
BRDA:804,32,1,0
BRDA:809,33,0,0
BRDA:809,33,1,0
BRDA:809,34,0,0
BRDA:809,34,1,0
BRDA:872,35,0,2
BRDA:872,35,1,0
BRDA:80,36,0,50
BRDA:80,36,1,50
BRDA:80,37,0,6
BRDA:80,37,1,6
BRDA:80,37,2,6
BRF:75
BRH:15
end_of_record
TN:
SF:src/app/workspace/service/workflow-graph/model/workflow-graph.ts
FN:80,isSink
FN:160,(anonymous_1)
FN:168,(anonymous_2)
FN:169,(anonymous_3)
FN:170,(anonymous_4)
FN:180,(anonymous_5)
FN:184,(anonymous_6)
FN:188,(anonymous_7)
FN:200,(anonymous_8)
FN:205,(anonymous_9)
FN:209,(anonymous_10)
FN:214,(anonymous_11)
FN:225,(anonymous_12)
FN:233,(anonymous_13)
FN:242,(anonymous_14)
FN:252,(anonymous_15)
FN:261,(anonymous_16)
FN:268,(anonymous_17)
FN:276,(anonymous_18)
FN:290,(anonymous_19)
FN:301,(anonymous_20)
FN:313,(anonymous_21)
FN:328,(anonymous_22)
FN:332,(anonymous_23)
FN:348,(anonymous_24)
FN:352,(anonymous_25)
FN:356,(anonymous_26)
FN:370,(anonymous_27)
FN:382,(anonymous_28)
FN:394,(anonymous_29)
FN:409,(anonymous_30)
FN:424,(anonymous_31)
FN:437,(anonymous_32)
FN:448,(anonymous_33)
FN:450,(anonymous_34)
FN:460,(anonymous_35)
FN:478,(anonymous_36)
FN:493,(anonymous_37)
FN:501,(anonymous_38)
FN:503,(anonymous_39)
FN:513,(anonymous_40)
FN:532,(anonymous_41)
FN:547,(anonymous_42)
FN:555,(anonymous_43)
FN:557,(anonymous_44)
FN:567,(anonymous_45)
FN:575,(anonymous_46)
FN:584,(anonymous_47)
FN:593,(anonymous_48)
FN:606,(anonymous_49)
FN:614,(anonymous_50)
FN:621,(anonymous_51)
FN:631,(anonymous_52)
FN:632,(anonymous_53)
FN:640,(anonymous_54)
FN:642,(anonymous_55)
FN:643,(anonymous_56)
FN:649,(anonymous_57)
FN:650,(anonymous_58)
FN:655,(anonymous_59)
FN:670,(anonymous_60)
FN:685,(anonymous_61)
FN:690,(anonymous_62)
FN:694,(anonymous_63)
FN:699,(anonymous_64)
FN:704,(anonymous_65)
FN:706,(anonymous_66)
FN:717,(anonymous_67)
FN:728,(anonymous_68)
FN:742,(anonymous_69)
FN:755,(anonymous_70)
FN:764,(anonymous_71)
FN:773,(anonymous_72)
FN:783,(anonymous_73)
FN:797,(anonymous_74)
FN:798,(anonymous_75)
FN:811,(anonymous_76)
FN:818,(anonymous_77)
FN:819,(anonymous_78)
FN:826,(anonymous_79)
FN:827,(anonymous_80)
FN:834,(anonymous_81)
FN:835,(anonymous_82)
FN:849,(anonymous_83)
FN:862,(anonymous_84)
FN:883,(anonymous_85)
FN:892,(anonymous_86)
FN:898,(anonymous_87)
FN:905,(anonymous_88)
FN:909,(anonymous_89)
FN:913,(anonymous_90)
FN:917,(anonymous_91)
FN:921,(anonymous_92)
FN:925,(anonymous_93)
FN:932,(anonymous_94)
FN:939,(anonymous_95)
FN:946,(anonymous_96)
FN:956,(anonymous_97)
FN:964,(anonymous_98)
FN:972,(anonymous_99)
FN:981,(anonymous_100)
FN:988,(anonymous_101)
FN:994,(anonymous_102)
FN:1002,(anonymous_103)
FN:1009,(anonymous_104)
FN:1013,(anonymous_105)
FN:1023,(anonymous_106)
FN:1029,(anonymous_107)
FN:1041,(anonymous_108)
FN:1047,(anonymous_109)
FN:1061,(anonymous_110)
FN:1071,(anonymous_111)
FN:1077,(anonymous_112)
FN:1092,(anonymous_113)
FN:1103,(anonymous_114)
FN:1107,(anonymous_115)
FN:1117,(anonymous_116)
FN:1119,(anonymous_117)
FN:1144,(anonymous_118)
FN:1149,dfs
FN:1161,(anonymous_120)
FN:1162,(anonymous_121)
FN:1176,(anonymous_122)
FN:1176,(anonymous_123)
FN:1179,(anonymous_124)
FNF:125
FNH:76
FNDA:2,isSink
FNDA:82,(anonymous_1)
FNDA:3,(anonymous_2)
FNDA:2,(anonymous_3)
FNDA:0,(anonymous_4)
FNDA:34,(anonymous_5)
FNDA:4,(anonymous_6)
FNDA:8,(anonymous_7)
FNDA:7,(anonymous_8)
FNDA:0,(anonymous_9)
FNDA:0,(anonymous_10)
FNDA:0,(anonymous_11)
FNDA:0,(anonymous_12)
FNDA:0,(anonymous_13)
FNDA:5,(anonymous_14)
FNDA:0,(anonymous_15)
FNDA:0,(anonymous_16)
FNDA:76,(anonymous_17)
FNDA:87,(anonymous_18)
FNDA:112,(anonymous_19)
FNDA:1,(anonymous_20)
FNDA:0,(anonymous_21)
FNDA:0,(anonymous_22)
FNDA:0,(anonymous_23)
FNDA:0,(anonymous_24)
FNDA:0,(anonymous_25)
FNDA:0,(anonymous_26)
FNDA:7,(anonymous_27)
FNDA:0,(anonymous_28)
FNDA:4,(anonymous_29)
FNDA:1,(anonymous_30)
FNDA:0,(anonymous_31)
FNDA:100,(anonymous_32)
FNDA:3,(anonymous_33)
FNDA:6,(anonymous_34)
FNDA:2,(anonymous_35)
FNDA:2,(anonymous_36)
FNDA:15,(anonymous_37)
FNDA:3,(anonymous_38)
FNDA:6,(anonymous_39)
FNDA:0,(anonymous_40)
FNDA:0,(anonymous_41)
FNDA:0,(anonymous_42)
FNDA:0,(anonymous_43)
FNDA:0,(anonymous_44)
FNDA:250,(anonymous_45)
FNDA:2,(anonymous_46)
FNDA:0,(anonymous_47)
FNDA:372,(anonymous_48)
FNDA:0,(anonymous_49)
FNDA:0,(anonymous_50)
FNDA:0,(anonymous_51)
FNDA:46,(anonymous_52)
FNDA:68,(anonymous_53)
FNDA:0,(anonymous_54)
FNDA:0,(anonymous_55)
FNDA:0,(anonymous_56)
FNDA:1,(anonymous_57)
FNDA:0,(anonymous_58)
FNDA:0,(anonymous_59)
FNDA:0,(anonymous_60)
FNDA:0,(anonymous_61)
FNDA:0,(anonymous_62)
FNDA:0,(anonymous_63)
FNDA:0,(anonymous_64)
FNDA:0,(anonymous_65)
FNDA:0,(anonymous_66)
FNDA:36,(anonymous_67)
FNDA:11,(anonymous_68)
FNDA:2,(anonymous_69)
FNDA:78,(anonymous_70)
FNDA:67,(anonymous_71)
FNDA:12,(anonymous_72)
FNDA:27,(anonymous_73)
FNDA:72,(anonymous_74)
FNDA:21,(anonymous_75)
FNDA:151,(anonymous_76)
FNDA:1,(anonymous_77)
FNDA:1,(anonymous_78)
FNDA:39,(anonymous_79)
FNDA:32,(anonymous_80)
FNDA:3,(anonymous_81)
FNDA:5,(anonymous_82)
FNDA:9,(anonymous_83)
FNDA:0,(anonymous_84)
FNDA:17,(anonymous_85)
FNDA:23,(anonymous_86)
FNDA:12,(anonymous_87)
FNDA:6,(anonymous_88)
FNDA:6,(anonymous_89)
FNDA:6,(anonymous_90)
FNDA:6,(anonymous_91)
FNDA:6,(anonymous_92)
FNDA:6,(anonymous_93)
FNDA:6,(anonymous_94)
FNDA:6,(anonymous_95)
FNDA:6,(anonymous_96)
FNDA:12,(anonymous_97)
FNDA:12,(anonymous_98)
FNDA:12,(anonymous_99)
FNDA:6,(anonymous_100)
FNDA:12,(anonymous_101)
FNDA:6,(anonymous_102)
FNDA:6,(anonymous_103)
FNDA:0,(anonymous_104)
FNDA:0,(anonymous_105)
FNDA:12,(anonymous_106)
FNDA:0,(anonymous_107)
FNDA:182,(anonymous_108)
FNDA:1,(anonymous_109)
FNDA:63,(anonymous_110)
FNDA:8,(anonymous_111)
FNDA:0,(anonymous_112)
FNDA:80,(anonymous_113)
FNDA:77,(anonymous_114)
FNDA:76,(anonymous_115)
FNDA:21,(anonymous_116)
FNDA:25,(anonymous_117)
FNDA:0,(anonymous_118)
FNDA:0,dfs
FNDA:0,(anonymous_120)
FNDA:0,(anonymous_121)
FNDA:0,(anonymous_122)
FNDA:0,(anonymous_123)
FNDA:0,(anonymous_124)
DA:77,9
DA:81,2
DA:96,9
DA:98,82
DA:99,82
DA:101,82
DA:103,82
DA:106,82
DA:110,82
DA:114,82
DA:118,82
DA:122,82
DA:123,82
DA:126,82
DA:130,82
DA:133,82
DA:137,82
DA:140,82
DA:141,82
DA:142,82
DA:143,82
DA:144,82
DA:146,82
DA:152,82
DA:157,82
DA:158,82
DA:166,82
DA:168,82
DA:169,82
DA:170,82
DA:171,0
DA:173,82
DA:181,34
DA:185,4
DA:189,8
DA:201,7
DA:202,7
DA:206,0
DA:210,0
DA:211,0
DA:214,0
DA:215,0
DA:216,0
DA:226,0
DA:227,0
DA:234,0
DA:243,5
DA:253,0
DA:254,0
DA:255,0
DA:262,0
DA:269,76
DA:277,87
DA:291,112
DA:292,112
DA:293,112
DA:302,1
DA:303,1
DA:304,1
DA:314,0
DA:315,0
DA:316,0
DA:317,0
DA:329,0
DA:330,0
DA:331,0
DA:332,0
DA:333,0
DA:334,0
DA:349,0
DA:350,0
DA:351,0
DA:352,0
DA:353,0
DA:354,0
DA:355,0
DA:356,0
DA:357,0
DA:358,0
DA:371,7
DA:372,7
DA:373,0
DA:375,6
DA:383,0
DA:384,0
DA:385,0
DA:387,0
DA:395,4
DA:396,4
DA:397,0
DA:399,4
DA:400,0
DA:402,4
DA:410,1
DA:411,1
DA:412,0
DA:414,1
DA:415,0
DA:417,1
DA:425,0
DA:426,0
DA:427,0
DA:429,0
DA:430,0
DA:438,100
DA:439,100
DA:440,0
DA:442,100
DA:449,3
DA:451,6
DA:461,2
DA:462,2
DA:463,0
DA:465,2
DA:466,1
DA:468,1
DA:469,0
DA:471,1
DA:479,2
DA:480,2
DA:481,0
DA:483,2
DA:484,1
DA:486,1
DA:494,15
DA:495,15
DA:496,0
DA:498,15
DA:502,3
DA:504,6
DA:514,0
DA:515,0
DA:516,0
DA:518,0
DA:519,0
DA:521,0
DA:522,0
DA:524,0
DA:525,0
DA:533,0
DA:534,0
DA:535,0
DA:537,0
DA:538,0
DA:540,0
DA:548,0
DA:549,0
DA:550,0
DA:552,0
DA:556,0
DA:558,0
DA:568,250
DA:576,2
DA:585,0
DA:594,372
DA:595,4
DA:597,368
DA:598,368
DA:607,0
DA:608,0
DA:609,0
DA:611,0
DA:615,0
DA:616,0
DA:618,0
DA:622,0
DA:623,0
DA:625,0
DA:632,46
DA:633,68
DA:641,0
DA:642,0
DA:643,0
DA:650,1
DA:651,0
DA:656,0
DA:657,0
DA:658,0
DA:661,0
DA:663,0
DA:666,0
DA:671,0
DA:672,0
DA:673,0
DA:676,0
DA:678,0
DA:681,0
DA:686,0
DA:687,0
DA:688,0
DA:689,0
DA:690,0
DA:692,0
DA:693,0
DA:694,0
DA:696,0
DA:700,0
DA:701,0
DA:702,0
DA:703,0
DA:704,0
DA:705,0
DA:706,0
DA:707,0
DA:718,36
DA:719,36
DA:720,36
DA:729,11
DA:730,11
DA:731,0
DA:733,10
DA:743,2
DA:744,2
DA:745,0
DA:748,1
DA:756,78
DA:765,67
DA:766,67
DA:767,67
DA:769,62
DA:774,12
DA:775,12
DA:784,27
DA:785,27
DA:786,2
DA:788,25
DA:798,72
DA:799,72
DA:800,64
DA:802,8
DA:803,0
DA:805,8
DA:812,151
DA:819,1
DA:827,39
DA:835,5
DA:850,9
DA:851,2
DA:854,7
DA:859,7
DA:863,0
DA:864,0
DA:865,0
DA:866,0
DA:867,0
DA:868,0
DA:872,0
DA:884,17
DA:895,23
DA:902,12
DA:906,6
DA:910,6
DA:914,6
DA:918,6
DA:922,6
DA:929,6
DA:936,6
DA:943,6
DA:950,6
DA:957,12
DA:965,12
DA:975,12
DA:985,6
DA:991,12
DA:999,6
DA:1006,6
DA:1010,0
DA:1014,0
DA:1024,12
DA:1025,1
DA:1030,0
DA:1031,0
DA:1042,182
DA:1043,2
DA:1048,1
DA:1049,0
DA:1062,63
DA:1063,2
DA:1065,61
DA:1066,2
DA:1072,8
DA:1073,2
DA:1078,0
DA:1079,0
DA:1093,80
DA:1094,80
DA:1095,0
DA:1098,79
DA:1099,79
DA:1100,0
DA:1103,78
DA:1104,1
DA:1107,77
DA:1108,1
DA:1118,21
DA:1119,25
DA:1121,21
DA:1122,0
DA:1145,0
DA:1146,0
DA:1147,0
DA:1150,0
DA:1151,0
DA:1154,0
DA:1156,0
DA:1157,0
DA:1158,0
DA:1161,0
DA:1162,0
DA:1163,0
DA:1164,0
DA:1169,0
DA:1170,0
DA:1173,0
DA:1174,0
DA:1175,0
DA:1176,0
DA:1179,0
DA:1182,0
LF:319
LH:160
BRDA:161,0,0,82
BRDA:162,1,0,82
BRDA:163,2,0,82
BRDA:211,3,0,0
BRDA:211,3,1,0
BRDA:215,4,0,0
BRDA:215,4,1,0
BRDA:217,5,0,0
BRDA:217,5,1,0
BRDA:316,6,0,0
BRDA:316,6,1,0
BRDA:331,7,0,0
BRDA:331,7,1,0
BRDA:333,8,0,0
BRDA:333,8,1,0
BRDA:333,9,0,0
BRDA:333,9,1,0
BRDA:351,10,0,0
BRDA:351,10,1,0
BRDA:353,11,0,0
BRDA:353,11,1,0
BRDA:353,12,0,0
BRDA:353,12,1,0
BRDA:372,13,0,0
BRDA:372,13,1,7
BRDA:384,14,0,0
BRDA:384,14,1,0
BRDA:396,15,0,0
BRDA:396,15,1,4
BRDA:399,16,0,0
BRDA:399,16,1,4
BRDA:411,17,0,0
BRDA:411,17,1,1
BRDA:414,18,0,0
BRDA:414,18,1,1
BRDA:426,19,0,0
BRDA:426,19,1,0
BRDA:439,20,0,0
BRDA:439,20,1,100
BRDA:442,21,0,100
BRDA:442,21,1,0
BRDA:462,22,0,0
BRDA:462,22,1,2
BRDA:465,23,0,1
BRDA:465,23,1,1
BRDA:468,24,0,0
BRDA:468,24,1,1
BRDA:480,25,0,0
BRDA:480,25,1,2
BRDA:483,26,0,1
BRDA:483,26,1,1
BRDA:495,27,0,0
BRDA:495,27,1,15
BRDA:498,28,0,15
BRDA:498,28,1,11
BRDA:515,29,0,0
BRDA:515,29,1,0
BRDA:518,30,0,0
BRDA:518,30,1,0
BRDA:521,31,0,0
BRDA:521,31,1,0
BRDA:534,32,0,0
BRDA:534,32,1,0
BRDA:537,33,0,0
BRDA:537,33,1,0
BRDA:549,34,0,0
BRDA:549,34,1,0
BRDA:552,35,0,0
BRDA:552,35,1,0
BRDA:585,36,0,0
BRDA:585,36,1,0
BRDA:585,36,2,0
BRDA:594,37,0,4
BRDA:594,37,1,368
BRDA:608,38,0,0
BRDA:608,38,1,0
BRDA:615,39,0,0
BRDA:615,39,1,0
BRDA:622,40,0,0
BRDA:622,40,1,0
BRDA:657,41,0,0
BRDA:657,41,1,0
BRDA:672,42,0,0
BRDA:672,42,1,0
BRDA:686,43,0,0
BRDA:686,43,1,0
BRDA:688,44,0,0
BRDA:688,44,1,0
BRDA:692,45,0,0
BRDA:692,45,1,0
BRDA:700,46,0,0
BRDA:700,46,1,0
BRDA:703,47,0,0
BRDA:703,47,1,0
BRDA:705,48,0,0
BRDA:705,48,1,0
BRDA:730,49,0,0
BRDA:730,49,1,11
BRDA:744,50,0,0
BRDA:744,50,1,2
BRDA:775,51,0,12
BRDA:775,51,1,9
BRDA:785,52,0,2
BRDA:785,52,1,25
BRDA:798,53,0,21
BRDA:798,53,1,10
BRDA:799,54,0,64
BRDA:799,54,1,8
BRDA:802,55,0,0
BRDA:802,55,1,8
BRDA:850,56,0,2
BRDA:850,56,1,7
BRDA:864,57,0,0
BRDA:864,57,1,0
BRDA:867,58,0,0
BRDA:867,58,1,0
BRDA:1024,59,0,1
BRDA:1024,59,1,11
BRDA:1030,60,0,0
BRDA:1030,60,1,0
BRDA:1042,61,0,2
BRDA:1042,61,1,180
BRDA:1048,62,0,0
BRDA:1048,62,1,1
BRDA:1062,63,0,2
BRDA:1062,63,1,61
BRDA:1065,64,0,2
BRDA:1065,64,1,59
BRDA:1072,65,0,2
BRDA:1072,65,1,6
BRDA:1078,66,0,0
BRDA:1078,66,1,0
BRDA:1094,67,0,0
BRDA:1094,67,1,80
BRDA:1099,68,0,0
BRDA:1099,68,1,79
BRDA:1103,69,0,1
BRDA:1103,69,1,77
BRDA:1107,70,0,1
BRDA:1107,70,1,76
BRDA:1119,71,0,25
BRDA:1119,71,1,21
BRDA:1121,72,0,0
BRDA:1121,72,1,21
BRDA:1150,73,0,0
BRDA:1150,73,1,0
BRDA:1157,74,0,0
BRDA:1157,74,1,0
BRDA:1157,75,0,0
BRDA:1157,75,1,0
BRDA:1169,76,0,0
BRDA:1169,76,1,0
BRF:152
BRH:55
end_of_record
TN:
SF:src/app/workspace/service/workflow-graph/util/workflow-util.service.ts
FN:51,(anonymous_0)
FN:52,(anonymous_1)
FN:58,(anonymous_2)
FN:65,(anonymous_3)
FN:66,(anonymous_4)
FN:72,(anonymous_5)
FN:79,(anonymous_6)
FN:86,(anonymous_7)
FN:93,(anonymous_8)
FN:97,(anonymous_9)
FN:102,(anonymous_10)
FN:116,(anonymous_11)
FN:117,(anonymous_12)
FN:181,(anonymous_13)
FN:188,(anonymous_14)
FN:198,(anonymous_15)
FN:207,(anonymous_16)
FN:209,(anonymous_17)
FNF:18
FNH:9
FNDA:56,(anonymous_0)
FNDA:54,(anonymous_1)
FNDA:0,(anonymous_2)
FNDA:0,(anonymous_3)
FNDA:0,(anonymous_4)
FNDA:201,(anonymous_5)
FNDA:100,(anonymous_6)
FNDA:0,(anonymous_7)
FNDA:0,(anonymous_8)
FNDA:0,(anonymous_9)
FNDA:0,(anonymous_10)
FNDA:102,(anonymous_11)
FNDA:113,(anonymous_12)
FNDA:9,(anonymous_13)
FNDA:9,(anonymous_14)
FNDA:9,(anonymous_15)
FNDA:0,(anonymous_16)
FNDA:0,(anonymous_17)
DA:43,56
DA:44,56
DA:47,56
DA:49,56
DA:51,56
DA:52,56
DA:53,54
DA:54,54
DA:59,0
DA:66,0
DA:73,201
DA:80,100
DA:87,0
DA:94,0
DA:98,0
DA:103,0
DA:104,0
DA:105,0
DA:106,0
DA:117,113
DA:118,102
DA:119,1
DA:122,101
DA:123,101
DA:126,101
DA:129,101
DA:130,101
DA:132,101
DA:133,101
DA:136,101
DA:139,101
DA:142,101
DA:144,102
DA:145,102
DA:147,102
DA:148,0
DA:149,0
DA:150,0
DA:153,101
DA:154,101
DA:155,101
DA:156,101
DA:159,101
DA:161,101
DA:182,0
DA:183,0
DA:185,0
DA:189,0
DA:199,101
DA:208,0
DA:209,0
DA:210,0
DA:211,0
DA:214,0
DA:215,0
DA:217,0
DA:218,0
DA:219,0
DA:220,0
DA:223,0
DA:226,0
DA:227,0
DA:229,0
DA:230,0
DA:231,0
DA:232,0
DA:235,0
DA:238,0
LF:68
LH:33
BRDA:118,0,0,1
BRDA:118,0,1,101
BRDA:142,1,0,101
BRDA:142,1,1,101
BRDA:144,2,0,102
BRDA:144,2,1,101
BRDA:145,3,0,102
BRDA:145,3,1,101
BRDA:182,4,0,0
BRDA:182,4,1,0
BRDA:182,5,0,0
BRDA:182,5,1,0
BRDA:191,6,0,0
BRDA:191,6,1,0
BRDA:192,7,0,0
BRDA:192,7,1,0
BRDA:194,8,0,0
BRDA:194,8,1,0
BRDA:201,9,0,101
BRDA:201,9,1,101
BRDA:210,10,0,0
BRDA:210,10,1,0
BRDA:215,11,0,0
BRDA:215,11,1,0
BRDA:227,12,0,0
BRDA:227,12,1,0
BRDA:43,13,0,56
BRDA:43,13,1,56
BRDA:43,14,0,9
BRDA:43,14,1,9
BRDA:43,14,2,9
BRF:31
BRH:15
end_of_record
TN:
SF:src/app/workspace/service/workflow-result/panel-resize/panel-resize.service.ts
FN:23,(anonymous_0)
FN:31,(anonymous_1)
FNF:2
FNH:1
FNDA:1,(anonymous_0)
FNDA:0,(anonymous_1)
DA:26,1
DA:27,1
DA:28,1
DA:29,1
DA:32,0
LF:5
LH:4
BRDA:26,0,0,1
BRDA:26,0,1,1
BRDA:26,1,0,1
BRDA:26,1,1,1
BRDA:26,1,2,1
BRF:5
BRH:5
end_of_record
TN:
SF:src/app/workspace/types/execute-workflow.interface.ts
FN:69,(anonymous_0)
FN:145,(anonymous_1)
FNF:2
FNH:2
FNDA:7,(anonymous_0)
FNDA:7,(anonymous_1)
DA:69,7
DA:70,7
DA:71,7
DA:72,7
DA:73,7
DA:74,7
DA:75,7
DA:76,7
DA:77,7
DA:78,7
DA:145,7
DA:146,7
DA:147,7
DA:148,7
DA:149,7
DA:150,7
DA:151,7
DA:152,7
DA:153,7
DA:154,7
DA:155,7
DA:156,7
LF:22
LH:22
BRDA:69,0,0,7
BRDA:69,0,1,7
BRDA:145,1,0,7
BRDA:145,1,1,7
BRF:4
BRH:4
end_of_record
TN:
SF:src/app/workspace/types/shared-editing.interface.ts
FN:50,createYTypeFromObject
FN:77,(anonymous_1)
FN:97,updateYTypeFromObject
FN:137,(anonymous_3)
FN:144,(anonymous_4)
FN:247,(anonymous_5)
FNF:6
FNH:4
FNDA:1286,createYTypeFromObject
FNDA:1040,(anonymous_1)
FNDA:15,updateYTypeFromObject
FNDA:0,(anonymous_3)
FNDA:0,(anonymous_4)
FNDA:8,(anonymous_5)
DA:51,1286
DA:52,1286
DA:53,1286
DA:60,230
DA:62,474
DA:64,582
DA:65,582
DA:66,0
DA:67,582
DA:68,229
DA:70,229
DA:71,123
DA:73,229
DA:74,353
DA:76,353
DA:77,353
DA:78,1040
DA:79,1040
DA:80,1040
DA:83,353
DA:86,0
DA:98,15
DA:99,7
DA:100,7
DA:107,0
DA:109,0
DA:110,0
DA:112,0
DA:113,0
DA:115,0
DA:118,7
DA:120,7
DA:121,7
DA:122,7
DA:123,7
DA:124,0
DA:125,0
DA:127,0
DA:128,0
DA:130,7
DA:131,0
DA:132,0
DA:133,0
DA:134,0
DA:135,0
DA:137,0
DA:138,0
DA:139,0
DA:144,0
DA:146,0
DA:147,0
DA:148,0
DA:149,0
DA:151,0
DA:160,0
DA:161,0
DA:162,0
DA:164,0
DA:165,0
DA:166,0
DA:167,0
DA:168,0
DA:169,0
DA:170,0
DA:172,0
DA:182,0
DA:184,0
DA:185,0
DA:187,0
DA:188,0
DA:189,0
DA:197,0
DA:198,0
DA:201,0
DA:202,0
DA:211,0
DA:212,0
DA:214,0
DA:215,0
DA:216,0
DA:219,0
DA:220,0
DA:221,0
DA:223,0
DA:224,0
DA:225,0
DA:226,0
DA:232,0
DA:233,0
DA:237,0
DA:238,0
DA:240,0
DA:243,7
DA:244,7
DA:245,7
DA:246,7
DA:247,7
DA:248,8
DA:249,8
DA:250,8
DA:251,8
DA:252,8
DA:258,0
DA:260,7
LF:104
LH:39
BRDA:51,0,0,0
BRDA:51,0,1,1286
BRDA:51,1,0,1286
BRDA:51,1,1,1286
BRDA:53,2,0,0
BRDA:53,2,1,228
BRDA:53,2,2,228
BRDA:53,2,3,230
BRDA:53,2,4,230
BRDA:53,2,5,230
BRDA:53,2,6,474
BRDA:53,2,7,582
BRDA:65,3,0,0
BRDA:65,3,1,582
BRDA:67,4,0,229
BRDA:67,4,1,353
BRDA:71,5,0,123
BRDA:71,5,1,0
BRDA:74,6,0,353
BRDA:74,6,1,0
BRDA:79,7,0,1040
BRDA:79,7,1,0
BRDA:98,8,0,8
BRDA:98,8,1,7
BRDA:98,9,0,15
BRDA:98,9,1,15
BRDA:98,9,2,15
BRDA:98,9,3,15
BRDA:100,10,0,0
BRDA:100,10,1,0
BRDA:100,10,2,0
BRDA:100,10,3,0
BRDA:100,10,4,0
BRDA:100,10,5,0
BRDA:100,10,6,0
BRDA:100,10,7,7
BRDA:110,11,0,0
BRDA:110,11,1,0
BRDA:122,12,0,0
BRDA:122,12,1,7
BRDA:123,13,0,0
BRDA:123,13,1,7
BRDA:125,14,0,0
BRDA:125,14,1,0
BRDA:130,15,0,0
BRDA:130,15,1,7
BRDA:139,16,0,0
BRDA:139,16,1,0
BRDA:148,17,0,0
BRDA:148,17,1,0
BRDA:164,18,0,0
BRDA:164,18,1,0
BRDA:165,19,0,0
BRDA:165,19,1,0
BRDA:169,20,0,0
BRDA:169,20,1,0
BRDA:188,21,0,0
BRDA:188,21,1,0
BRDA:188,22,0,0
BRDA:188,22,1,0
BRDA:201,23,0,0
BRDA:201,23,1,0
BRDA:201,24,0,0
BRDA:201,24,1,0
BRDA:223,25,0,0
BRDA:223,25,1,0
BRDA:224,26,0,0
BRDA:224,26,1,0
BRDA:232,27,0,0
BRDA:232,27,1,0
BRDA:237,28,0,0
BRDA:237,28,1,0
BRDA:243,29,0,7
BRDA:243,29,1,0
BRDA:249,30,0,8
BRDA:249,30,1,0
BRDA:250,31,0,8
BRDA:250,31,1,0
BRDA:251,32,0,8
BRDA:251,32,1,0
BRF:80
BRH:30
end_of_record
TN:
SF:src/environments/environment.default.ts
FNF:0
FNH:0
DA:34,9
LF:1
LH:1
BRF:0
BRH:0
end_of_record
TN:
SF:src/environments/environment.ts
FNF:0
FNH:0
DA:27,9
LF:1
LH:1
BRF:0
BRH:0
end_of_record
